Flow report for Actividad4
Mon Nov  4 19:08:53 2019
Quartus Prime Version 18.0.0 Build 614 04/24/2018 SJ Lite Edition


---------------------
; Table of Contents ;
---------------------
  1. Legal Notice
  2. Flow Summary
  3. Flow Settings
  4. Flow Non-Default Global Settings
  5. Flow Elapsed Time
  6. Flow OS Summary
  7. Flow Log
  8. Flow Messages
  9. Flow Suppressed Messages



----------------
; Legal Notice ;
----------------
Copyright (C) 2018  Intel Corporation. All rights reserved.
Your use of Intel Corporation's design tools, logic functions 
and other software and tools, and its AMPP partner logic 
functions, and any output files from any of the foregoing 
(including device programming or simulation files), and any 
associated documentation or information are expressly subject 
to the terms and conditions of the Intel Program License 
Subscription Agreement, the Intel Quartus Prime License Agreement,
the Intel FPGA IP License Agreement, or other applicable license
agreement, including, without limitation, that your use is for
the sole purpose of programming logic devices manufactured by
Intel and sold by Intel or its authorized distributors.  Please
refer to the applicable agreement for further details.



+-------------------------------------------------------------------------------+
; Flow Summary                                                                  ;
+---------------------------------+---------------------------------------------+
; Flow Status                     ; Successful - Mon Nov  4 19:08:32 2019       ;
; Quartus Prime Version           ; 18.0.0 Build 614 04/24/2018 SJ Lite Edition ;
; Revision Name                   ; Actividad4                                  ;
; Top-level Entity Name           ; Actividad4                                  ;
; Family                          ; Cyclone V                                   ;
; Device                          ; 5CSEMA5F31C6                                ;
; Timing Models                   ; Final                                       ;
; Logic utilization (in ALMs)     ; 2,066 / 32,070 ( 6 % )                      ;
; Total registers                 ; 2627                                        ;
; Total pins                      ; 70 / 457 ( 15 % )                           ;
; Total virtual pins              ; 0                                           ;
; Total block memory bits         ; 1,702,336 / 4,065,280 ( 42 % )              ;
; Total DSP Blocks                ; 3 / 87 ( 3 % )                              ;
; Total HSSI RX PCSs              ; 0                                           ;
; Total HSSI PMA RX Deserializers ; 0                                           ;
; Total HSSI TX PCSs              ; 0                                           ;
; Total HSSI PMA TX Serializers   ; 0                                           ;
; Total PLLs                      ; 0 / 6 ( 0 % )                               ;
; Total DLLs                      ; 0 / 4 ( 0 % )                               ;
+---------------------------------+---------------------------------------------+


+-----------------------------------------+
; Flow Settings                           ;
+-------------------+---------------------+
; Option            ; Setting             ;
+-------------------+---------------------+
; Start date & time ; 11/04/2019 19:04:32 ;
; Main task         ; Compilation         ;
; Revision Name     ; Actividad4          ;
+-------------------+---------------------+


+------------------------------------------------------------------------------------------------------------------------------------------+
; Flow Non-Default Global Settings                                                                                                         ;
+-------------------------------------+---------------------------------------------------------+---------------+-------------+------------+
; Assignment Name                     ; Value                                                   ; Default Value ; Entity Name ; Section Id ;
+-------------------------------------+---------------------------------------------------------+---------------+-------------+------------+
; COMPILER_SIGNATURE_ID               ; 229044590695176.157290507218989                         ; --            ; --          ; --         ;
; MAX_CORE_JUNCTION_TEMP              ; 85                                                      ; --            ; --          ; --         ;
; MIN_CORE_JUNCTION_TEMP              ; 0                                                       ; --            ; --          ; --         ;
; MISC_FILE                           ; sopc4/synthesis/../sopc4.cmp                            ; --            ; --          ; --         ;
; MISC_FILE                           ; sopc4/synthesis/../../sopc4.qsys                        ; --            ; --          ; --         ;
; PARTITION_COLOR                     ; -- (Not supported for targeted family)                  ; --            ; --          ; Top        ;
; PARTITION_FITTER_PRESERVATION_LEVEL ; -- (Not supported for targeted family)                  ; --            ; --          ; Top        ;
; PARTITION_NETLIST_TYPE              ; -- (Not supported for targeted family)                  ; --            ; --          ; Top        ;
; POWER_BOARD_THERMAL_MODEL           ; None (CONSERVATIVE)                                     ; --            ; --          ; --         ;
; POWER_PRESET_COOLING_SOLUTION       ; 23 MM HEAT SINK WITH 200 LFPM AIRFLOW                   ; --            ; --          ; --         ;
; SLD_FILE                            ; sopc4/synthesis/sopc4.regmap                            ; --            ; --          ; --         ;
; SLD_FILE                            ; sopc4/synthesis/sopc4.debuginfo                         ; --            ; --          ; --         ;
; SLD_INFO                            ; QSYS_NAME sopc4 HAS_SOPCINFO 1 GENERATION_ID 1572383346 ; --            ; sopc4       ; --         ;
; SOPCINFO_FILE                       ; sopc4/synthesis/../../sopc4.sopcinfo                    ; --            ; --          ; --         ;
; SYNTHESIS_ONLY_QIP                  ; On                                                      ; --            ; --          ; --         ;
+-------------------------------------+---------------------------------------------------------+---------------+-------------+------------+


+--------------------------------------------------------------------------------------------------------------------------+
; Flow Elapsed Time                                                                                                        ;
+----------------------+--------------+-------------------------+---------------------+------------------------------------+
; Module Name          ; Elapsed Time ; Average Processors Used ; Peak Virtual Memory ; Total CPU Time (on all processors) ;
+----------------------+--------------+-------------------------+---------------------+------------------------------------+
; Analysis & Synthesis ; 00:01:18     ; 1.0                     ; 1269 MB             ; 00:01:55                           ;
; Fitter               ; 00:02:16     ; 1.2                     ; 2527 MB             ; 00:04:36                           ;
; Assembler            ; 00:00:15     ; 1.0                     ; 1026 MB             ; 00:00:15                           ;
; Timing Analyzer      ; 00:00:20     ; 2.2                     ; 1314 MB             ; 00:00:41                           ;
; Total                ; 00:04:09     ; --                      ; --                  ; 00:07:27                           ;
+----------------------+--------------+-------------------------+---------------------+------------------------------------+


+------------------------------------------------------------------------------------+
; Flow OS Summary                                                                    ;
+----------------------+------------------+------------+------------+----------------+
; Module Name          ; Machine Hostname ; OS Name    ; OS Version ; Processor type ;
+----------------------+------------------+------------+------------+----------------+
; Analysis & Synthesis ; march            ; Arch Linux ; Arch Linux ; x86_64         ;
; Fitter               ; march            ; Arch Linux ; Arch Linux ; x86_64         ;
; Assembler            ; march            ; Arch Linux ; Arch Linux ; x86_64         ;
; Timing Analyzer      ; march            ; Arch Linux ; Arch Linux ; x86_64         ;
+----------------------+------------------+------------+------------+----------------+


------------
; Flow Log ;
------------
quartus_map --read_settings_files=on --write_settings_files=off Actividad4 -c Actividad4
quartus_fit --read_settings_files=off --write_settings_files=off Actividad4 -c Actividad4
quartus_asm --read_settings_files=off --write_settings_files=off Actividad4 -c Actividad4
quartus_sta Actividad4 -c Actividad4



