Info: Starting: Create block symbol file (.bsf)
Info: qsys-generate /home/manuel/Repos/laboratorios-embebidos/Laboratorio6/Actividad3/sopc.qsys --block-symbol-file --output-directory=/home/manuel/Repos/laboratorios-embebidos/Laboratorio6/Actividad3/sopc --family="Cyclone V" --part=5CSEMA5F31C6
Progress: Loading Actividad3/sopc.qsys
Progress: Reading input file
Progress: Adding clk_0 [clock_source 18.0]
Progress: Parameterizing module clk_0
Progress: Adding jtag_uart_0 [altera_avalon_jtag_uart 18.0]
Progress: Parameterizing module jtag_uart_0
Progress: Adding nios2_gen2_0 [altera_nios2_gen2 18.0]
Progress: Parameterizing module nios2_gen2_0
Progress: Adding onchip_memory2_0 [altera_avalon_onchip_memory2 18.0]
Progress: Parameterizing module onchip_memory2_0
Progress: Adding pio_in [altera_avalon_pio 18.0]
Progress: Parameterizing module pio_in
Progress: Adding pio_out [altera_avalon_pio 18.0]
Progress: Parameterizing module pio_out
Progress: Adding sysid_qsys_0 [altera_avalon_sysid_qsys 18.0]
Progress: Parameterizing module sysid_qsys_0
Progress: Building connections
Progress: Parameterizing connections
Progress: Validating
Progress: Done reading input file
Info: sopc.jtag_uart_0: JTAG UART IP input clock need to be at least double (2x) the operating frequency of JTAG TCK on board
Info: sopc.pio_in: PIO inputs are not hardwired in test bench. Undefined values will be read from PIO inputs during simulation.
Info: sopc.sysid_qsys_0: System ID is not assigned automatically. Edit the System ID parameter to provide a unique ID
Info: sopc.sysid_qsys_0: Time stamp will be automatically updated when this component is generated.
Info: qsys-generate succeeded.
Info: Finished: Create block symbol file (.bsf)
Info: 
Info: Starting: Create HDL design files for synthesis
Info: qsys-generate /home/manuel/Repos/laboratorios-embebidos/Laboratorio6/Actividad3/sopc.qsys --synthesis=VERILOG --output-directory=/home/manuel/Repos/laboratorios-embebidos/Laboratorio6/Actividad3/sopc/synthesis --family="Cyclone V" --part=5CSEMA5F31C6
Progress: Loading Actividad3/sopc.qsys
Progress: Reading input file
Progress: Adding clk_0 [clock_source 18.0]
Progress: Parameterizing module clk_0
Progress: Adding jtag_uart_0 [altera_avalon_jtag_uart 18.0]
Progress: Parameterizing module jtag_uart_0
Progress: Adding nios2_gen2_0 [altera_nios2_gen2 18.0]
Progress: Parameterizing module nios2_gen2_0
Progress: Adding onchip_memory2_0 [altera_avalon_onchip_memory2 18.0]
Progress: Parameterizing module onchip_memory2_0
Progress: Adding pio_in [altera_avalon_pio 18.0]
Progress: Parameterizing module pio_in
Progress: Adding pio_out [altera_avalon_pio 18.0]
Progress: Parameterizing module pio_out
Progress: Adding sysid_qsys_0 [altera_avalon_sysid_qsys 18.0]
Progress: Parameterizing module sysid_qsys_0
Progress: Building connections
Progress: Parameterizing connections
Progress: Validating
Progress: Done reading input file
Info: sopc.jtag_uart_0: JTAG UART IP input clock need to be at least double (2x) the operating frequency of JTAG TCK on board
Info: sopc.pio_in: PIO inputs are not hardwired in test bench. Undefined values will be read from PIO inputs during simulation.
Info: sopc.sysid_qsys_0: System ID is not assigned automatically. Edit the System ID parameter to provide a unique ID
Info: sopc.sysid_qsys_0: Time stamp will be automatically updated when this component is generated.
Info: sopc: Generating sopc "sopc" for QUARTUS_SYNTH
Info: jtag_uart_0: Starting RTL generation for module 'sopc_jtag_uart_0'
Info: jtag_uart_0:   Generation command is [exec /home/manuel/intelFPGA_lite/18.0/quartus/linux64/perl/bin/perl -I /home/manuel/intelFPGA_lite/18.0/quartus/linux64/perl/lib -I /home/manuel/intelFPGA_lite/18.0/quartus/sopc_builder/bin/europa -I /home/manuel/intelFPGA_lite/18.0/quartus/sopc_builder/bin/perl_lib -I /home/manuel/intelFPGA_lite/18.0/quartus/sopc_builder/bin -I /home/manuel/intelFPGA_lite/18.0/quartus/../ip/altera/sopc_builder_ip/common -I /home/manuel/intelFPGA_lite/18.0/quartus/../ip/altera/sopc_builder_ip/altera_avalon_jtag_uart -- /home/manuel/intelFPGA_lite/18.0/quartus/../ip/altera/sopc_builder_ip/altera_avalon_jtag_uart/generate_rtl.pl --name=sopc_jtag_uart_0 --dir=/tmp/alt8198_2240545954637115735.dir/0002_jtag_uart_0_gen/ --quartus_dir=/home/manuel/intelFPGA_lite/18.0/quartus --verilog --config=/tmp/alt8198_2240545954637115735.dir/0002_jtag_uart_0_gen//sopc_jtag_uart_0_component_configuration.pl  --do_build_sim=0  ]
Info: jtag_uart_0: Done RTL generation for module 'sopc_jtag_uart_0'
Info: jtag_uart_0: "sopc" instantiated altera_avalon_jtag_uart "jtag_uart_0"
Info: nios2_gen2_0: "sopc" instantiated altera_nios2_gen2 "nios2_gen2_0"
Info: onchip_memory2_0: Starting RTL generation for module 'sopc_onchip_memory2_0'
Info: onchip_memory2_0:   Generation command is [exec /home/manuel/intelFPGA_lite/18.0/quartus/linux64/perl/bin/perl -I /home/manuel/intelFPGA_lite/18.0/quartus/linux64/perl/lib -I /home/manuel/intelFPGA_lite/18.0/quartus/sopc_builder/bin/europa -I /home/manuel/intelFPGA_lite/18.0/quartus/sopc_builder/bin/perl_lib -I /home/manuel/intelFPGA_lite/18.0/quartus/sopc_builder/bin -I /home/manuel/intelFPGA_lite/18.0/quartus/../ip/altera/sopc_builder_ip/common -I /home/manuel/intelFPGA_lite/18.0/quartus/../ip/altera/sopc_builder_ip/altera_avalon_onchip_memory2 -- /home/manuel/intelFPGA_lite/18.0/quartus/../ip/altera/sopc_builder_ip/altera_avalon_onchip_memory2/generate_rtl.pl --name=sopc_onchip_memory2_0 --dir=/tmp/alt8198_2240545954637115735.dir/0003_onchip_memory2_0_gen/ --quartus_dir=/home/manuel/intelFPGA_lite/18.0/quartus --verilog --config=/tmp/alt8198_2240545954637115735.dir/0003_onchip_memory2_0_gen//sopc_onchip_memory2_0_component_configuration.pl  --do_build_sim=0  ]
Info: onchip_memory2_0: Done RTL generation for module 'sopc_onchip_memory2_0'
Info: onchip_memory2_0: "sopc" instantiated altera_avalon_onchip_memory2 "onchip_memory2_0"
Info: pio_in: Starting RTL generation for module 'sopc_pio_in'
Info: pio_in:   Generation command is [exec /home/manuel/intelFPGA_lite/18.0/quartus/linux64/perl/bin/perl -I /home/manuel/intelFPGA_lite/18.0/quartus/linux64/perl/lib -I /home/manuel/intelFPGA_lite/18.0/quartus/sopc_builder/bin/europa -I /home/manuel/intelFPGA_lite/18.0/quartus/sopc_builder/bin/perl_lib -I /home/manuel/intelFPGA_lite/18.0/quartus/sopc_builder/bin -I /home/manuel/intelFPGA_lite/18.0/quartus/../ip/altera/sopc_builder_ip/common -I /home/manuel/intelFPGA_lite/18.0/quartus/../ip/altera/sopc_builder_ip/altera_avalon_pio -- /home/manuel/intelFPGA_lite/18.0/quartus/../ip/altera/sopc_builder_ip/altera_avalon_pio/generate_rtl.pl --name=sopc_pio_in --dir=/tmp/alt8198_2240545954637115735.dir/0004_pio_in_gen/ --quartus_dir=/home/manuel/intelFPGA_lite/18.0/quartus --verilog --config=/tmp/alt8198_2240545954637115735.dir/0004_pio_in_gen//sopc_pio_in_component_configuration.pl  --do_build_sim=0  ]
Info: pio_in: Done RTL generation for module 'sopc_pio_in'
Info: pio_in: "sopc" instantiated altera_avalon_pio "pio_in"
Info: pio_out: Starting RTL generation for module 'sopc_pio_out'
Info: pio_out:   Generation command is [exec /home/manuel/intelFPGA_lite/18.0/quartus/linux64/perl/bin/perl -I /home/manuel/intelFPGA_lite/18.0/quartus/linux64/perl/lib -I /home/manuel/intelFPGA_lite/18.0/quartus/sopc_builder/bin/europa -I /home/manuel/intelFPGA_lite/18.0/quartus/sopc_builder/bin/perl_lib -I /home/manuel/intelFPGA_lite/18.0/quartus/sopc_builder/bin -I /home/manuel/intelFPGA_lite/18.0/quartus/../ip/altera/sopc_builder_ip/common -I /home/manuel/intelFPGA_lite/18.0/quartus/../ip/altera/sopc_builder_ip/altera_avalon_pio -- /home/manuel/intelFPGA_lite/18.0/quartus/../ip/altera/sopc_builder_ip/altera_avalon_pio/generate_rtl.pl --name=sopc_pio_out --dir=/tmp/alt8198_2240545954637115735.dir/0005_pio_out_gen/ --quartus_dir=/home/manuel/intelFPGA_lite/18.0/quartus --verilog --config=/tmp/alt8198_2240545954637115735.dir/0005_pio_out_gen//sopc_pio_out_component_configuration.pl  --do_build_sim=0  ]
Info: pio_out: Done RTL generation for module 'sopc_pio_out'
Info: pio_out: "sopc" instantiated altera_avalon_pio "pio_out"
Info: sysid_qsys_0: "sopc" instantiated altera_avalon_sysid_qsys "sysid_qsys_0"
Info: avalon_st_adapter: Inserting error_adapter: error_adapter_0
Info: avalon_st_adapter_001: Inserting error_adapter: error_adapter_0
Info: avalon_st_adapter_002: Inserting error_adapter: error_adapter_0
Info: avalon_st_adapter_003: Inserting error_adapter: error_adapter_0
Info: avalon_st_adapter_004: Inserting error_adapter: error_adapter_0
Info: avalon_st_adapter_005: Inserting error_adapter: error_adapter_0
Info: mm_interconnect_0: "sopc" instantiated altera_mm_interconnect "mm_interconnect_0"
Info: irq_mapper: "sopc" instantiated altera_irq_mapper "irq_mapper"
Info: rst_controller: "sopc" instantiated altera_reset_controller "rst_controller"
Info: cpu: Starting RTL generation for module 'sopc_nios2_gen2_0_cpu'
Info: cpu:   Generation command is [exec /home/manuel/intelFPGA_lite/18.0/quartus/linux64//eperlcmd -I /home/manuel/intelFPGA_lite/18.0/quartus/linux64//perl/lib -I /home/manuel/intelFPGA_lite/18.0/quartus/sopc_builder/bin/europa -I /home/manuel/intelFPGA_lite/18.0/quartus/sopc_builder/bin/perl_lib -I /home/manuel/intelFPGA_lite/18.0/quartus/sopc_builder/bin -I /home/manuel/intelFPGA_lite/18.0/quartus/../ip/altera/nios2_ip/altera_nios2_gen2/cpu_lib -I /home/manuel/intelFPGA_lite/18.0/quartus/../ip/altera/nios2_ip/altera_nios2_gen2/nios_lib -I /home/manuel/intelFPGA_lite/18.0/quartus/../ip/altera/nios2_ip/altera_nios2_gen2 -I /home/manuel/intelFPGA_lite/18.0/quartus/../ip/altera/nios2_ip/altera_nios2_gen2 -- /home/manuel/intelFPGA_lite/18.0/quartus/../ip/altera/nios2_ip/altera_nios2_gen2/generate_rtl.epl --name=sopc_nios2_gen2_0_cpu --dir=/tmp/alt8198_2240545954637115735.dir/0009_cpu_gen/ --quartus_bindir=/home/manuel/intelFPGA_lite/18.0/quartus/linux64/ --verilog --config=/tmp/alt8198_2240545954637115735.dir/0009_cpu_gen//sopc_nios2_gen2_0_cpu_processor_configuration.pl  --do_build_sim=0  ]
Info: cpu: # 2019.10.29 13:01:49 (*) Starting Nios II generation
Info: cpu: # 2019.10.29 13:01:49 (*)   Checking for plaintext license.
Info: cpu: # 2019.10.29 13:01:50 (*)   Couldn't query license setup in Quartus directory /home/manuel/intelFPGA_lite/18.0/quartus/linux64/
Info: cpu: # 2019.10.29 13:01:50 (*)   Defaulting to contents of LM_LICENSE_FILE environment variable
Info: cpu: # 2019.10.29 13:01:50 (*)   LM_LICENSE_FILE environment variable is empty
Info: cpu: # 2019.10.29 13:01:50 (*)   Plaintext license not found.
Info: cpu: # 2019.10.29 13:01:50 (*)   Checking for encrypted license (non-evaluation).
Info: cpu: # 2019.10.29 13:01:51 (*)   Couldn't query license setup in Quartus directory /home/manuel/intelFPGA_lite/18.0/quartus/linux64/
Info: cpu: # 2019.10.29 13:01:51 (*)   Defaulting to contents of LM_LICENSE_FILE environment variable
Info: cpu: # 2019.10.29 13:01:51 (*)   LM_LICENSE_FILE environment variable is empty
Info: cpu: # 2019.10.29 13:01:51 (*)   Encrypted license not found.  Defaulting to OCP evaluation license (produces a time-limited SOF)
Info: cpu: # 2019.10.29 13:01:51 (*)   Elaborating CPU configuration settings
Info: cpu: # 2019.10.29 13:01:51 (*)   Creating all objects for CPU
Info: cpu: # 2019.10.29 13:01:51 (*)     Testbench
Info: cpu: # 2019.10.29 13:01:51 (*)     Instruction decoding
Info: cpu: # 2019.10.29 13:01:51 (*)       Instruction fields
Info: cpu: # 2019.10.29 13:01:51 (*)       Instruction decodes
Info: cpu: # 2019.10.29 13:01:52 (*)       Signals for RTL simulation waveforms
Info: cpu: # 2019.10.29 13:01:52 (*)       Instruction controls
Info: cpu: # 2019.10.29 13:01:52 (*)     Pipeline frontend
Info: cpu: # 2019.10.29 13:01:52 (*)     Pipeline backend
Info: cpu: # 2019.10.29 13:01:55 (*)   Generating RTL from CPU objects
Info: cpu: # 2019.10.29 13:01:57 (*)   Creating encrypted RTL
Info: cpu: # 2019.10.29 13:01:58 (*) Done Nios II generation
Info: cpu: Done RTL generation for module 'sopc_nios2_gen2_0_cpu'
Info: cpu: "nios2_gen2_0" instantiated altera_nios2_gen2_unit "cpu"
Info: nios2_gen2_0_data_master_translator: "mm_interconnect_0" instantiated altera_merlin_master_translator "nios2_gen2_0_data_master_translator"
Info: jtag_uart_0_avalon_jtag_slave_translator: "mm_interconnect_0" instantiated altera_merlin_slave_translator "jtag_uart_0_avalon_jtag_slave_translator"
Info: nios2_gen2_0_data_master_agent: "mm_interconnect_0" instantiated altera_merlin_master_agent "nios2_gen2_0_data_master_agent"
Info: jtag_uart_0_avalon_jtag_slave_agent: "mm_interconnect_0" instantiated altera_merlin_slave_agent "jtag_uart_0_avalon_jtag_slave_agent"
Info: jtag_uart_0_avalon_jtag_slave_agent_rsp_fifo: "mm_interconnect_0" instantiated altera_avalon_sc_fifo "jtag_uart_0_avalon_jtag_slave_agent_rsp_fifo"
Info: router: "mm_interconnect_0" instantiated altera_merlin_router "router"
Info: router_002: "mm_interconnect_0" instantiated altera_merlin_router "router_002"
Info: nios2_gen2_0_data_master_limiter: "mm_interconnect_0" instantiated altera_merlin_traffic_limiter "nios2_gen2_0_data_master_limiter"
Info: Reusing file /home/manuel/Repos/laboratorios-embebidos/Laboratorio6/Actividad3/sopc/synthesis/submodules/altera_avalon_sc_fifo.v
Info: cmd_demux: "mm_interconnect_0" instantiated altera_merlin_demultiplexer "cmd_demux"
Info: cmd_mux: "mm_interconnect_0" instantiated altera_merlin_multiplexer "cmd_mux"
Info: rsp_demux: "mm_interconnect_0" instantiated altera_merlin_demultiplexer "rsp_demux"
Info: rsp_mux: "mm_interconnect_0" instantiated altera_merlin_multiplexer "rsp_mux"
Info: Reusing file /home/manuel/Repos/laboratorios-embebidos/Laboratorio6/Actividad3/sopc/synthesis/submodules/altera_merlin_arbitrator.sv
Info: avalon_st_adapter: "mm_interconnect_0" instantiated altera_avalon_st_adapter "avalon_st_adapter"
Info: error_adapter_0: "avalon_st_adapter" instantiated error_adapter "error_adapter_0"
Info: sopc: Done "sopc" with 25 modules, 45 files
Info: qsys-generate succeeded.
Info: Finished: Create HDL design files for synthesis
