15:44:01 **** Incremental Build of configuration Nios II for project windows ****
make all 
Info: Building ../windows_bsp/
C:/Programs/altera_lite/16.0/nios2eds/bin/gnu/H-x86_64-mingw32/bin/make --no-print-directory -C ../windows_bsp/
[BSP build complete]
Info: Compiling hello_world.c to obj/default/hello_world.o
nios2-elf-gcc -xc -MP -MMD -c -I../windows_bsp//HAL/inc -I../windows_bsp/ -I../windows_bsp//drivers/inc  -pipe -D__hal__ -DALT_NO_INSTRUCTION_EMULATION -DALT_SINGLE_THREADED    -O0 -g -Wall   -mno-hw-div -mhw-mul -mno-hw-mulx  -o obj/default/hello_world.o hello_world.c
Info: Linking windows.elf
nios2-elf-g++  -T'../windows_bsp//linker.x' -msys-crt0='../windows_bsp//obj/HAL/src/crt0.o' -msys-lib=hal_bsp -L../windows_bsp/   -Wl,-Map=windows.map   -O0 -g -Wall   -mno-hw-div -mhw-mul -mno-hw-mulx  -o windows.elf obj/default/hello_world.o -lm -msys-lib=m
nios2-elf-insert windows.elf --thread_model hal --cpu_name cpu --qsys true --simulation_enabled false --id 0 --sidp 0x81208 --timestamp 1572383346 --stderr_dev jtag --stdin_dev jtag --stdout_dev jtag --sopc_system_name sopc4 --quartus_project_dir "C:/Users/se/Downloads/laboratorios-embebidos-master/Laboratorio6/Actividad4" --jdi C:/Users/se/Downloads/laboratorios-embebidos-master/Laboratorio6/Actividad4/software/windows_bsp/../../Actividad4.jdi --sopcinfo C:/Users/se/Downloads/laboratorios-embebidos-master/Laboratorio6/Actividad4/software/windows_bsp/../../sopc4.sopcinfo
Info: (windows.elf) 69 KBytes program size (code + initialized data).
Info:               124 KBytes free for stack + heap.
Info: Creating windows.objdump
nios2-elf-objdump --disassemble --syms --all-header --source windows.elf >windows.objdump
[windows build complete]
15:44:32 **** Build of configuration Nios II for project windows ****
make all 
Info: Building ../windows_bsp/
C:/Programs/altera_lite/16.0/nios2eds/bin/gnu/H-x86_64-mingw32/bin/make --no-print-directory -C ../windows_bsp/
[BSP build complete]
[windows build complete]
15:44:34 **** Incremental Build of configuration Nios II for project windows ****
make all 
Info: Building ../windows_bsp/
C:/Programs/altera_lite/16.0/nios2eds/bin/gnu/H-x86_64-mingw32/bin/make --no-print-directory -C ../windows_bsp/
[BSP build complete]
[windows build complete]
15:46:14 **** Incremental Build of configuration Nios II for project windows ****
make all 
Info: Building ../windows_bsp/
C:/Programs/altera_lite/16.0/nios2eds/bin/gnu/H-x86_64-mingw32/bin/make --no-print-directory -C ../windows_bsp/
[BSP build complete]
Info: Compiling hello_world.c to obj/default/hello_world.o
nios2-elf-gcc -xc -MP -MMD -c -I../windows_bsp//HAL/inc -I../windows_bsp/ -I../windows_bsp//drivers/inc  -pipe -D__hal__ -DALT_NO_INSTRUCTION_EMULATION -DALT_SINGLE_THREADED    -O0 -g -Wall   -mno-hw-div -mhw-mul -mno-hw-mulx  -o obj/default/hello_world.o hello_world.c
Info: Linking windows.elf
nios2-elf-g++  -T'../windows_bsp//linker.x' -msys-crt0='../windows_bsp//obj/HAL/src/crt0.o' -msys-lib=hal_bsp -L../windows_bsp/   -Wl,-Map=windows.map   -O0 -g -Wall   -mno-hw-div -mhw-mul -mno-hw-mulx  -o windows.elf obj/default/hello_world.o -lm -msys-lib=m
nios2-elf-insert windows.elf --thread_model hal --cpu_name cpu --qsys true --simulation_enabled false --id 0 --sidp 0x81208 --timestamp 1572383346 --stderr_dev jtag --stdin_dev jtag --stdout_dev jtag --sopc_system_name sopc4 --quartus_project_dir "C:/Users/se/Downloads/laboratorios-embebidos-master/Laboratorio6/Actividad4" --jdi C:/Users/se/Downloads/laboratorios-embebidos-master/Laboratorio6/Actividad4/software/windows_bsp/../../Actividad4.jdi --sopcinfo C:/Users/se/Downloads/laboratorios-embebidos-master/Laboratorio6/Actividad4/software/windows_bsp/../../sopc4.sopcinfo
Info: (windows.elf) 69 KBytes program size (code + initialized data).
Info:               123 KBytes free for stack + heap.
Info: Creating windows.objdump
nios2-elf-objdump --disassemble --syms --all-header --source windows.elf >windows.objdump
[windows build complete]
15:46:18 **** Build of configuration Nios II for project windows_bsp ****
make all 
[BSP build complete]
15:46:27 **** Incremental Build of configuration Nios II for project windows ****
make all 
Info: Building ../windows_bsp/
C:/Programs/altera_lite/16.0/nios2eds/bin/gnu/H-x86_64-mingw32/bin/make --no-print-directory -C ../windows_bsp/
[BSP build complete]
[windows build complete]
16:07:20 **** Incremental Build of configuration Nios II for project windows ****
make all 
Info: Building ../windows_bsp/
C:/Programs/altera_lite/16.0/nios2eds/bin/gnu/H-x86_64-mingw32/bin/make --no-print-directory -C ../windows_bsp/
[BSP build complete]
Info: Compiling hello_world.c to obj/default/hello_world.o
nios2-elf-gcc -xc -MP -MMD -c -I../windows_bsp//HAL/inc -I../windows_bsp/ -I../windows_bsp//drivers/inc  -pipe -D__hal__ -DALT_NO_INSTRUCTION_EMULATION -DALT_SINGLE_THREADED    -O0 -g -Wall   -mno-hw-div -mhw-mul -mno-hw-mulx  -o obj/default/hello_world.o hello_world.c
Info: Linking windows.elf
nios2-elf-g++  -T'../windows_bsp//linker.x' -msys-crt0='../windows_bsp//obj/HAL/src/crt0.o' -msys-lib=hal_bsp -L../windows_bsp/   -Wl,-Map=windows.map   -O0 -g -Wall   -mno-hw-div -mhw-mul -mno-hw-mulx  -o windows.elf obj/default/hello_world.o -lm -msys-lib=m
nios2-elf-insert windows.elf --thread_model hal --cpu_name cpu --qsys true --simulation_enabled false --id 0 --sidp 0x81208 --timestamp 1572383346 --stderr_dev jtag --stdin_dev jtag --stdout_dev jtag --sopc_system_name sopc4 --quartus_project_dir "C:/Users/se/Downloads/laboratorios-embebidos-master/Laboratorio6/Actividad4" --jdi C:/Users/se/Downloads/laboratorios-embebidos-master/Laboratorio6/Actividad4/software/windows_bsp/../../Actividad4.jdi --sopcinfo C:/Users/se/Downloads/laboratorios-embebidos-master/Laboratorio6/Actividad4/software/windows_bsp/../../sopc4.sopcinfo
Info: (windows.elf) 69 KBytes program size (code + initialized data).
Info:               124 KBytes free for stack + heap.
Info: Creating windows.objdump
nios2-elf-objdump --disassemble --syms --all-header --source windows.elf >windows.objdump
[windows build complete]
16:07:25 **** Incremental Build of configuration Nios II for project windows_bsp ****
make all 
[BSP build complete]
16:07:54 **** Build of configuration Nios II for project windows ****
make all 
Info: Building ../windows_bsp/
C:/Programs/altera_lite/16.0/nios2eds/bin/gnu/H-x86_64-mingw32/bin/make --no-print-directory -C ../windows_bsp/
[BSP build complete]
[windows build complete]
16:07:56 **** Incremental Build of configuration Nios II for project windows ****
make all 
Info: Building ../windows_bsp/
C:/Programs/altera_lite/16.0/nios2eds/bin/gnu/H-x86_64-mingw32/bin/make --no-print-directory -C ../windows_bsp/
[BSP build complete]
[windows build complete]
16:10:25 **** Incremental Build of configuration Nios II for project windows ****
make all 
Info: Building ../windows_bsp/
C:/Programs/altera_lite/16.0/nios2eds/bin/gnu/H-x86_64-mingw32/bin/make --no-print-directory -C ../windows_bsp/
[BSP build complete]
Info: Compiling hello_world.c to obj/default/hello_world.o
nios2-elf-gcc -xc -MP -MMD -c -I../windows_bsp//HAL/inc -I../windows_bsp/ -I../windows_bsp//drivers/inc  -pipe -D__hal__ -DALT_NO_INSTRUCTION_EMULATION -DALT_SINGLE_THREADED    -O0 -g -Wall   -mno-hw-div -mhw-mul -mno-hw-mulx  -o obj/default/hello_world.o hello_world.c
Info: Linking windows.elf
nios2-elf-g++  -T'../windows_bsp//linker.x' -msys-crt0='../windows_bsp//obj/HAL/src/crt0.o' -msys-lib=hal_bsp -L../windows_bsp/   -Wl,-Map=windows.map   -O0 -g -Wall   -mno-hw-div -mhw-mul -mno-hw-mulx  -o windows.elf obj/default/hello_world.o -lm -msys-lib=m
nios2-elf-insert windows.elf --thread_model hal --cpu_name cpu --qsys true --simulation_enabled false --id 0 --sidp 0x81208 --timestamp 1572383346 --stderr_dev jtag --stdin_dev jtag --stdout_dev jtag --sopc_system_name sopc4 --quartus_project_dir "C:/Users/se/Downloads/laboratorios-embebidos-master/Laboratorio6/Actividad4" --jdi C:/Users/se/Downloads/laboratorios-embebidos-master/Laboratorio6/Actividad4/software/windows_bsp/../../Actividad4.jdi --sopcinfo C:/Users/se/Downloads/laboratorios-embebidos-master/Laboratorio6/Actividad4/software/windows_bsp/../../sopc4.sopcinfo
Info: (windows.elf) 69 KBytes program size (code + initialized data).
Info:               124 KBytes free for stack + heap.
Info: Creating windows.objdump
nios2-elf-objdump --disassemble --syms --all-header --source windows.elf >windows.objdump
[windows build complete]
16:10:30 **** Incremental Build of configuration Nios II for project windows_bsp ****
make all 
[BSP build complete]
16:11:52 **** Build of configuration Nios II for project windows ****
make all 
Info: Building ../windows_bsp/
C:/Programs/altera_lite/16.0/nios2eds/bin/gnu/H-x86_64-mingw32/bin/make --no-print-directory -C ../windows_bsp/
[BSP build complete]
[windows build complete]
16:11:55 **** Incremental Build of configuration Nios II for project windows ****
make all 
Info: Building ../windows_bsp/
C:/Programs/altera_lite/16.0/nios2eds/bin/gnu/H-x86_64-mingw32/bin/make --no-print-directory -C ../windows_bsp/
[BSP build complete]
[windows build complete]
16:12:53 **** Incremental Build of configuration Nios II for project windows ****
make all 
Info: Building ../windows_bsp/
C:/Programs/altera_lite/16.0/nios2eds/bin/gnu/H-x86_64-mingw32/bin/make --no-print-directory -C ../windows_bsp/
[BSP build complete]
Info: Compiling hello_world.c to obj/default/hello_world.o
nios2-elf-gcc -xc -MP -MMD -c -I../windows_bsp//HAL/inc -I../windows_bsp/ -I../windows_bsp//drivers/inc  -pipe -D__hal__ -DALT_NO_INSTRUCTION_EMULATION -DALT_SINGLE_THREADED    -O0 -g -Wall   -mno-hw-div -mhw-mul -mno-hw-mulx  -o obj/default/hello_world.o hello_world.c
Info: Linking windows.elf
nios2-elf-g++  -T'../windows_bsp//linker.x' -msys-crt0='../windows_bsp//obj/HAL/src/crt0.o' -msys-lib=hal_bsp -L../windows_bsp/   -Wl,-Map=windows.map   -O0 -g -Wall   -mno-hw-div -mhw-mul -mno-hw-mulx  -o windows.elf obj/default/hello_world.o -lm -msys-lib=m
nios2-elf-insert windows.elf --thread_model hal --cpu_name cpu --qsys true --simulation_enabled false --id 0 --sidp 0x81208 --timestamp 1572383346 --stderr_dev jtag --stdin_dev jtag --stdout_dev jtag --sopc_system_name sopc4 --quartus_project_dir "C:/Users/se/Downloads/laboratorios-embebidos-master/Laboratorio6/Actividad4" --jdi C:/Users/se/Downloads/laboratorios-embebidos-master/Laboratorio6/Actividad4/software/windows_bsp/../../Actividad4.jdi --sopcinfo C:/Users/se/Downloads/laboratorios-embebidos-master/Laboratorio6/Actividad4/software/windows_bsp/../../sopc4.sopcinfo
Info: (windows.elf) 69 KBytes program size (code + initialized data).
Info:               123 KBytes free for stack + heap.
Info: Creating windows.objdump
nios2-elf-objdump --disassemble --syms --all-header --source windows.elf >windows.objdump
[windows build complete]
16:12:57 **** Incremental Build of configuration Nios II for project windows_bsp ****
make all 
[BSP build complete]
16:13:09 **** Build of configuration Nios II for project windows ****
make all 
Info: Building ../windows_bsp/
C:/Programs/altera_lite/16.0/nios2eds/bin/gnu/H-x86_64-mingw32/bin/make --no-print-directory -C ../windows_bsp/
[BSP build complete]
[windows build complete]
16:13:12 **** Incremental Build of configuration Nios II for project windows ****
make all 
Info: Building ../windows_bsp/
C:/Programs/altera_lite/16.0/nios2eds/bin/gnu/H-x86_64-mingw32/bin/make --no-print-directory -C ../windows_bsp/
[BSP build complete]
[windows build complete]
16:14:37 **** Incremental Build of configuration Nios II for project windows ****
make all 
Info: Building ../windows_bsp/
C:/Programs/altera_lite/16.0/nios2eds/bin/gnu/H-x86_64-mingw32/bin/make --no-print-directory -C ../windows_bsp/
[BSP build complete]
Info: Compiling hello_world.c to obj/default/hello_world.o
nios2-elf-gcc -xc -MP -MMD -c -I../windows_bsp//HAL/inc -I../windows_bsp/ -I../windows_bsp//drivers/inc  -pipe -D__hal__ -DALT_NO_INSTRUCTION_EMULATION -DALT_SINGLE_THREADED    -O0 -g -Wall   -mno-hw-div -mhw-mul -mno-hw-mulx  -o obj/default/hello_world.o hello_world.c
hello_world.c: In function 'imprimir_todos':
hello_world.c:52:10: warning: format '%i' expects a matching 'int' argument [-Wformat=]
   printf("%i: %i\n",actual);
          ^
hello_world.c:52:10: warning: format '%i' expects a matching 'int' argument [-Wformat=]
Info: Linking windows.elf
nios2-elf-g++  -T'../windows_bsp//linker.x' -msys-crt0='../windows_bsp//obj/HAL/src/crt0.o' -msys-lib=hal_bsp -L../windows_bsp/   -Wl,-Map=windows.map   -O0 -g -Wall   -mno-hw-div -mhw-mul -mno-hw-mulx  -o windows.elf obj/default/hello_world.o -lm -msys-lib=m
nios2-elf-insert windows.elf --thread_model hal --cpu_name cpu --qsys true --simulation_enabled false --id 0 --sidp 0x81208 --timestamp 1572383346 --stderr_dev jtag --stdin_dev jtag --stdout_dev jtag --sopc_system_name sopc4 --quartus_project_dir "C:/Users/se/Downloads/laboratorios-embebidos-master/Laboratorio6/Actividad4" --jdi C:/Users/se/Downloads/laboratorios-embebidos-master/Laboratorio6/Actividad4/software/windows_bsp/../../Actividad4.jdi --sopcinfo C:/Users/se/Downloads/laboratorios-embebidos-master/Laboratorio6/Actividad4/software/windows_bsp/../../sopc4.sopcinfo
Info: (windows.elf) 69 KBytes program size (code + initialized data).
Info:               123 KBytes free for stack + heap.
Info: Creating windows.objdump
nios2-elf-objdump --disassemble --syms --all-header --source windows.elf >windows.objdump
[windows build complete]
16:14:41 **** Incremental Build of configuration Nios II for project windows_bsp ****
make all 
[BSP build complete]
16:14:54 **** Incremental Build of configuration Nios II for project windows ****
make all 
Info: Building ../windows_bsp/
C:/Programs/altera_lite/16.0/nios2eds/bin/gnu/H-x86_64-mingw32/bin/make --no-print-directory -C ../windows_bsp/
[BSP build complete]
[windows build complete]
16:16:16 **** Incremental Build of configuration Nios II for project windows ****
make all 
Info: Building ../windows_bsp/
C:/Programs/altera_lite/16.0/nios2eds/bin/gnu/H-x86_64-mingw32/bin/make --no-print-directory -C ../windows_bsp/
[BSP build complete]
Info: Compiling hello_world.c to obj/default/hello_world.o
nios2-elf-gcc -xc -MP -MMD -c -I../windows_bsp//HAL/inc -I../windows_bsp/ -I../windows_bsp//drivers/inc  -pipe -D__hal__ -DALT_NO_INSTRUCTION_EMULATION -DALT_SINGLE_THREADED    -O0 -g -Wall   -mno-hw-div -mhw-mul -mno-hw-mulx  -o obj/default/hello_world.o hello_world.c
Info: Linking windows.elf
nios2-elf-g++  -T'../windows_bsp//linker.x' -msys-crt0='../windows_bsp//obj/HAL/src/crt0.o' -msys-lib=hal_bsp -L../windows_bsp/   -Wl,-Map=windows.map   -O0 -g -Wall   -mno-hw-div -mhw-mul -mno-hw-mulx  -o windows.elf obj/default/hello_world.o -lm -msys-lib=m
nios2-elf-insert windows.elf --thread_model hal --cpu_name cpu --qsys true --simulation_enabled false --id 0 --sidp 0x81208 --timestamp 1572383346 --stderr_dev jtag --stdin_dev jtag --stdout_dev jtag --sopc_system_name sopc4 --quartus_project_dir "C:/Users/se/Downloads/laboratorios-embebidos-master/Laboratorio6/Actividad4" --jdi C:/Users/se/Downloads/laboratorios-embebidos-master/Laboratorio6/Actividad4/software/windows_bsp/../../Actividad4.jdi --sopcinfo C:/Users/se/Downloads/laboratorios-embebidos-master/Laboratorio6/Actividad4/software/windows_bsp/../../sopc4.sopcinfo
Info: (windows.elf) 69 KBytes program size (code + initialized data).
Info:               123 KBytes free for stack + heap.
Info: Creating windows.objdump
nios2-elf-objdump --disassemble --syms --all-header --source windows.elf >windows.objdump
[windows build complete]
16:16:20 **** Incremental Build of configuration Nios II for project windows_bsp ****
make all 
[BSP build complete]
16:16:25 **** Incremental Build of configuration Nios II for project windows ****
make all 
Info: Building ../windows_bsp/
C:/Programs/altera_lite/16.0/nios2eds/bin/gnu/H-x86_64-mingw32/bin/make --no-print-directory -C ../windows_bsp/
[BSP build complete]
[windows build complete]
16:17:05 **** Incremental Build of configuration Nios II for project windows ****
make all 
Info: Building ../windows_bsp/
C:/Programs/altera_lite/16.0/nios2eds/bin/gnu/H-x86_64-mingw32/bin/make --no-print-directory -C ../windows_bsp/
[BSP build complete]
Info: Compiling hello_world.c to obj/default/hello_world.o
nios2-elf-gcc -xc -MP -MMD -c -I../windows_bsp//HAL/inc -I../windows_bsp/ -I../windows_bsp//drivers/inc  -pipe -D__hal__ -DALT_NO_INSTRUCTION_EMULATION -DALT_SINGLE_THREADED    -O0 -g -Wall   -mno-hw-div -mhw-mul -mno-hw-mulx  -o obj/default/hello_world.o hello_world.c
Info: Linking windows.elf
nios2-elf-g++  -T'../windows_bsp//linker.x' -msys-crt0='../windows_bsp//obj/HAL/src/crt0.o' -msys-lib=hal_bsp -L../windows_bsp/   -Wl,-Map=windows.map   -O0 -g -Wall   -mno-hw-div -mhw-mul -mno-hw-mulx  -o windows.elf obj/default/hello_world.o -lm -msys-lib=m
nios2-elf-insert windows.elf --thread_model hal --cpu_name cpu --qsys true --simulation_enabled false --id 0 --sidp 0x81208 --timestamp 1572383346 --stderr_dev jtag --stdin_dev jtag --stdout_dev jtag --sopc_system_name sopc4 --quartus_project_dir "C:/Users/se/Downloads/laboratorios-embebidos-master/Laboratorio6/Actividad4" --jdi C:/Users/se/Downloads/laboratorios-embebidos-master/Laboratorio6/Actividad4/software/windows_bsp/../../Actividad4.jdi --sopcinfo C:/Users/se/Downloads/laboratorios-embebidos-master/Laboratorio6/Actividad4/software/windows_bsp/../../sopc4.sopcinfo
Info: (windows.elf) 69 KBytes program size (code + initialized data).
Info:               123 KBytes free for stack + heap.
Info: Creating windows.objdump
nios2-elf-objdump --disassemble --syms --all-header --source windows.elf >windows.objdump
[windows build complete]
16:17:09 **** Incremental Build of configuration Nios II for project windows_bsp ****
make all 
[BSP build complete]
16:17:13 **** Incremental Build of configuration Nios II for project windows ****
make all 
Info: Building ../windows_bsp/
C:/Programs/altera_lite/16.0/nios2eds/bin/gnu/H-x86_64-mingw32/bin/make --no-print-directory -C ../windows_bsp/
[BSP build complete]
[windows build complete]
16:18:23 **** Incremental Build of configuration Nios II for project windows ****
make all 
Info: Building ../windows_bsp/
C:/Programs/altera_lite/16.0/nios2eds/bin/gnu/H-x86_64-mingw32/bin/make --no-print-directory -C ../windows_bsp/
[BSP build complete]
Info: Compiling hello_world.c to obj/default/hello_world.o
nios2-elf-gcc -xc -MP -MMD -c -I../windows_bsp//HAL/inc -I../windows_bsp/ -I../windows_bsp//drivers/inc  -pipe -D__hal__ -DALT_NO_INSTRUCTION_EMULATION -DALT_SINGLE_THREADED    -O0 -g -Wall   -mno-hw-div -mhw-mul -mno-hw-mulx  -o obj/default/hello_world.o hello_world.c
Info: Linking windows.elf
nios2-elf-g++  -T'../windows_bsp//linker.x' -msys-crt0='../windows_bsp//obj/HAL/src/crt0.o' -msys-lib=hal_bsp -L../windows_bsp/   -Wl,-Map=windows.map   -O0 -g -Wall   -mno-hw-div -mhw-mul -mno-hw-mulx  -o windows.elf obj/default/hello_world.o -lm -msys-lib=m
nios2-elf-insert windows.elf --thread_model hal --cpu_name cpu --qsys true --simulation_enabled false --id 0 --sidp 0x81208 --timestamp 1572383346 --stderr_dev jtag --stdin_dev jtag --stdout_dev jtag --sopc_system_name sopc4 --quartus_project_dir "C:/Users/se/Downloads/laboratorios-embebidos-master/Laboratorio6/Actividad4" --jdi C:/Users/se/Downloads/laboratorios-embebidos-master/Laboratorio6/Actividad4/software/windows_bsp/../../Actividad4.jdi --sopcinfo C:/Users/se/Downloads/laboratorios-embebidos-master/Laboratorio6/Actividad4/software/windows_bsp/../../sopc4.sopcinfo
Info: (windows.elf) 69 KBytes program size (code + initialized data).
Info:               123 KBytes free for stack + heap.
Info: Creating windows.objdump
nios2-elf-objdump --disassemble --syms --all-header --source windows.elf >windows.objdump
[windows build complete]
16:19:11 **** Incremental Build of configuration Nios II for project windows ****
make all 
Info: Building ../windows_bsp/
C:/Programs/altera_lite/16.0/nios2eds/bin/gnu/H-x86_64-mingw32/bin/make --no-print-directory -C ../windows_bsp/
[BSP build complete]
Info: Compiling hello_world.c to obj/default/hello_world.o
nios2-elf-gcc -xc -MP -MMD -c -I../windows_bsp//HAL/inc -I../windows_bsp/ -I../windows_bsp//drivers/inc  -pipe -D__hal__ -DALT_NO_INSTRUCTION_EMULATION -DALT_SINGLE_THREADED    -O0 -g -Wall   -mno-hw-div -mhw-mul -mno-hw-mulx  -o obj/default/hello_world.o hello_world.c
Info: Linking windows.elf
nios2-elf-g++  -T'../windows_bsp//linker.x' -msys-crt0='../windows_bsp//obj/HAL/src/crt0.o' -msys-lib=hal_bsp -L../windows_bsp/   -Wl,-Map=windows.map   -O0 -g -Wall   -mno-hw-div -mhw-mul -mno-hw-mulx  -o windows.elf obj/default/hello_world.o -lm -msys-lib=m
nios2-elf-insert windows.elf --thread_model hal --cpu_name cpu --qsys true --simulation_enabled false --id 0 --sidp 0x81208 --timestamp 1572383346 --stderr_dev jtag --stdin_dev jtag --stdout_dev jtag --sopc_system_name sopc4 --quartus_project_dir "C:/Users/se/Downloads/laboratorios-embebidos-master/Laboratorio6/Actividad4" --jdi C:/Users/se/Downloads/laboratorios-embebidos-master/Laboratorio6/Actividad4/software/windows_bsp/../../Actividad4.jdi --sopcinfo C:/Users/se/Downloads/laboratorios-embebidos-master/Laboratorio6/Actividad4/software/windows_bsp/../../sopc4.sopcinfo
Info: (windows.elf) 69 KBytes program size (code + initialized data).
Info:               123 KBytes free for stack + heap.
Info: Creating windows.objdump
nios2-elf-objdump --disassemble --syms --all-header --source windows.elf >windows.objdump
[windows build complete]
16:20:55 **** Incremental Build of configuration Nios II for project windows ****
make all 
Info: Building ../windows_bsp/
C:/Programs/altera_lite/16.0/nios2eds/bin/gnu/H-x86_64-mingw32/bin/make --no-print-directory -C ../windows_bsp/
[BSP build complete]
Info: Compiling hello_world.c to obj/default/hello_world.o
nios2-elf-gcc -xc -MP -MMD -c -I../windows_bsp//HAL/inc -I../windows_bsp/ -I../windows_bsp//drivers/inc  -pipe -D__hal__ -DALT_NO_INSTRUCTION_EMULATION -DALT_SINGLE_THREADED    -O0 -g -Wall   -mno-hw-div -mhw-mul -mno-hw-mulx  -o obj/default/hello_world.o hello_world.c
hello_world.c: In function 'imprimir_todos':
hello_world.c:50:6: warning: variable 'actual' set but not used [-Wunused-but-set-variable]
  int actual;
      ^
Info: Linking windows.elf
nios2-elf-g++  -T'../windows_bsp//linker.x' -msys-crt0='../windows_bsp//obj/HAL/src/crt0.o' -msys-lib=hal_bsp -L../windows_bsp/   -Wl,-Map=windows.map   -O0 -g -Wall   -mno-hw-div -mhw-mul -mno-hw-mulx  -o windows.elf obj/default/hello_world.o -lm -msys-lib=m
nios2-elf-insert windows.elf --thread_model hal --cpu_name cpu --qsys true --simulation_enabled false --id 0 --sidp 0x81208 --timestamp 1572383346 --stderr_dev jtag --stdin_dev jtag --stdout_dev jtag --sopc_system_name sopc4 --quartus_project_dir "C:/Users/se/Downloads/laboratorios-embebidos-master/Laboratorio6/Actividad4" --jdi C:/Users/se/Downloads/laboratorios-embebidos-master/Laboratorio6/Actividad4/software/windows_bsp/../../Actividad4.jdi --sopcinfo C:/Users/se/Downloads/laboratorios-embebidos-master/Laboratorio6/Actividad4/software/windows_bsp/../../sopc4.sopcinfo
Info: (windows.elf) 69 KBytes program size (code + initialized data).
Info:               123 KBytes free for stack + heap.
Info: Creating windows.objdump
nios2-elf-objdump --disassemble --syms --all-header --source windows.elf >windows.objdump
[windows build complete]
16:21:46 **** Incremental Build of configuration Nios II for project windows ****
make all 
Info: Building ../windows_bsp/
C:/Programs/altera_lite/16.0/nios2eds/bin/gnu/H-x86_64-mingw32/bin/make --no-print-directory -C ../windows_bsp/
[BSP build complete]
Info: Compiling hello_world.c to obj/default/hello_world.o
nios2-elf-gcc -xc -MP -MMD -c -I../windows_bsp//HAL/inc -I../windows_bsp/ -I../windows_bsp//drivers/inc  -pipe -D__hal__ -DALT_NO_INSTRUCTION_EMULATION -DALT_SINGLE_THREADED    -O0 -g -Wall   -mno-hw-div -mhw-mul -mno-hw-mulx  -o obj/default/hello_world.o hello_world.c
hello_world.c: In function 'imprimir_todos':
hello_world.c:50:6: warning: variable 'actual' set but not used [-Wunused-but-set-variable]
  int actual;
      ^
Info: Linking windows.elf
nios2-elf-g++  -T'../windows_bsp//linker.x' -msys-crt0='../windows_bsp//obj/HAL/src/crt0.o' -msys-lib=hal_bsp -L../windows_bsp/   -Wl,-Map=windows.map   -O0 -g -Wall   -mno-hw-div -mhw-mul -mno-hw-mulx  -o windows.elf obj/default/hello_world.o -lm -msys-lib=m
nios2-elf-insert windows.elf --thread_model hal --cpu_name cpu --qsys true --simulation_enabled false --id 0 --sidp 0x81208 --timestamp 1572383346 --stderr_dev jtag --stdin_dev jtag --stdout_dev jtag --sopc_system_name sopc4 --quartus_project_dir "C:/Users/se/Downloads/laboratorios-embebidos-master/Laboratorio6/Actividad4" --jdi C:/Users/se/Downloads/laboratorios-embebidos-master/Laboratorio6/Actividad4/software/windows_bsp/../../Actividad4.jdi --sopcinfo C:/Users/se/Downloads/laboratorios-embebidos-master/Laboratorio6/Actividad4/software/windows_bsp/../../sopc4.sopcinfo
Info: (windows.elf) 69 KBytes program size (code + initialized data).
Info:               123 KBytes free for stack + heap.
Info: Creating windows.objdump
nios2-elf-objdump --disassemble --syms --all-header --source windows.elf >windows.objdump
[windows build complete]
16:22:59 **** Incremental Build of configuration Nios II for project windows ****
make all 
Info: Building ../windows_bsp/
C:/Programs/altera_lite/16.0/nios2eds/bin/gnu/H-x86_64-mingw32/bin/make --no-print-directory -C ../windows_bsp/
[BSP build complete]
Info: Compiling hello_world.c to obj/default/hello_world.o
nios2-elf-gcc -xc -MP -MMD -c -I../windows_bsp//HAL/inc -I../windows_bsp/ -I../windows_bsp//drivers/inc  -pipe -D__hal__ -DALT_NO_INSTRUCTION_EMULATION -DALT_SINGLE_THREADED    -O0 -g -Wall   -mno-hw-div -mhw-mul -mno-hw-mulx  -o obj/default/hello_world.o hello_world.c
hello_world.c: In function 'imprimir_todos':
hello_world.c:50:6: warning: variable 'actual' set but not used [-Wunused-but-set-variable]
  int actual;
      ^
Info: Linking windows.elf
nios2-elf-g++  -T'../windows_bsp//linker.x' -msys-crt0='../windows_bsp//obj/HAL/src/crt0.o' -msys-lib=hal_bsp -L../windows_bsp/   -Wl,-Map=windows.map   -O0 -g -Wall   -mno-hw-div -mhw-mul -mno-hw-mulx  -o windows.elf obj/default/hello_world.o -lm -msys-lib=m
nios2-elf-insert windows.elf --thread_model hal --cpu_name cpu --qsys true --simulation_enabled false --id 0 --sidp 0x81208 --timestamp 1572383346 --stderr_dev jtag --stdin_dev jtag --stdout_dev jtag --sopc_system_name sopc4 --quartus_project_dir "C:/Users/se/Downloads/laboratorios-embebidos-master/Laboratorio6/Actividad4" --jdi C:/Users/se/Downloads/laboratorios-embebidos-master/Laboratorio6/Actividad4/software/windows_bsp/../../Actividad4.jdi --sopcinfo C:/Users/se/Downloads/laboratorios-embebidos-master/Laboratorio6/Actividad4/software/windows_bsp/../../sopc4.sopcinfo
Info: (windows.elf) 69 KBytes program size (code + initialized data).
Info:               123 KBytes free for stack + heap.
Info: Creating windows.objdump
nios2-elf-objdump --disassemble --syms --all-header --source windows.elf >windows.objdump
[windows build complete]
16:26:09 **** Incremental Build of configuration Nios II for project windows ****
make all 
Info: Building ../windows_bsp/
C:/Programs/altera_lite/16.0/nios2eds/bin/gnu/H-x86_64-mingw32/bin/make --no-print-directory -C ../windows_bsp/
[BSP build complete]
Info: Compiling hello_world.c to obj/default/hello_world.o
nios2-elf-gcc -xc -MP -MMD -c -I../windows_bsp//HAL/inc -I../windows_bsp/ -I../windows_bsp//drivers/inc  -pipe -D__hal__ -DALT_NO_INSTRUCTION_EMULATION -DALT_SINGLE_THREADED    -O0 -g -Wall   -mno-hw-div -mhw-mul -mno-hw-mulx  -o obj/default/hello_world.o hello_world.c
hello_world.c: In function 'main':
hello_world.c:75:4: warning: implicit declaration of function 'imprimir_todos' [-Wimplicit-function-declaration]
    imprimir_todos();
    ^
Info: Linking windows.elf
nios2-elf-g++  -T'../windows_bsp//linker.x' -msys-crt0='../windows_bsp//obj/HAL/src/crt0.o' -msys-lib=hal_bsp -L../windows_bsp/   -Wl,-Map=windows.map   -O0 -g -Wall   -mno-hw-div -mhw-mul -mno-hw-mulx  -o windows.elf obj/default/hello_world.o -lm -msys-lib=m
obj/default/hello_world.o: In function `main':
C:\Users\se\Downloads\laboratorios-embebidos-master\Laboratorio6\Actividad4\software\windows/hello_world.c:75: undefined reference to `imprimir_todos'
collect2.exe: error: ld returned 1 exit status
make: *** [windows.elf] Error 1
16:26:28 **** Incremental Build of configuration Nios II for project windows ****
make all 
Info: Building ../windows_bsp/
C:/Programs/altera_lite/16.0/nios2eds/bin/gnu/H-x86_64-mingw32/bin/make --no-print-directory -C ../windows_bsp/
[BSP build complete]
Info: Compiling hello_world.c to obj/default/hello_world.o
nios2-elf-gcc -xc -MP -MMD -c -I../windows_bsp//HAL/inc -I../windows_bsp/ -I../windows_bsp//drivers/inc  -pipe -D__hal__ -DALT_NO_INSTRUCTION_EMULATION -DALT_SINGLE_THREADED    -O0 -g -Wall   -mno-hw-div -mhw-mul -mno-hw-mulx  -o obj/default/hello_world.o hello_world.c
Info: Linking windows.elf
nios2-elf-g++  -T'../windows_bsp//linker.x' -msys-crt0='../windows_bsp//obj/HAL/src/crt0.o' -msys-lib=hal_bsp -L../windows_bsp/   -Wl,-Map=windows.map   -O0 -g -Wall   -mno-hw-div -mhw-mul -mno-hw-mulx  -o windows.elf obj/default/hello_world.o -lm -msys-lib=m
nios2-elf-insert windows.elf --thread_model hal --cpu_name cpu --qsys true --simulation_enabled false --id 0 --sidp 0x81208 --timestamp 1572383346 --stderr_dev jtag --stdin_dev jtag --stdout_dev jtag --sopc_system_name sopc4 --quartus_project_dir "C:/Users/se/Downloads/laboratorios-embebidos-master/Laboratorio6/Actividad4" --jdi C:/Users/se/Downloads/laboratorios-embebidos-master/Laboratorio6/Actividad4/software/windows_bsp/../../Actividad4.jdi --sopcinfo C:/Users/se/Downloads/laboratorios-embebidos-master/Laboratorio6/Actividad4/software/windows_bsp/../../sopc4.sopcinfo
Info: (windows.elf) 69 KBytes program size (code + initialized data).
Info:               123 KBytes free for stack + heap.
Info: Creating windows.objdump
nios2-elf-objdump --disassemble --syms --all-header --source windows.elf >windows.objdump
[windows build complete]
16:29:54 **** Incremental Build of configuration Nios II for project windows ****
make all 
Info: Building ../windows_bsp/
C:/Programs/altera_lite/16.0/nios2eds/bin/gnu/H-x86_64-mingw32/bin/make --no-print-directory -C ../windows_bsp/
[BSP build complete]
Info: Compiling hello_world.c to obj/default/hello_world.o
nios2-elf-gcc -xc -MP -MMD -c -I../windows_bsp//HAL/inc -I../windows_bsp/ -I../windows_bsp//drivers/inc  -pipe -D__hal__ -DALT_NO_INSTRUCTION_EMULATION -DALT_SINGLE_THREADED    -O0 -g -Wall   -mno-hw-div -mhw-mul -mno-hw-mulx  -o obj/default/hello_world.o hello_world.c
Info: Linking windows.elf
nios2-elf-g++  -T'../windows_bsp//linker.x' -msys-crt0='../windows_bsp//obj/HAL/src/crt0.o' -msys-lib=hal_bsp -L../windows_bsp/   -Wl,-Map=windows.map   -O0 -g -Wall   -mno-hw-div -mhw-mul -mno-hw-mulx  -o windows.elf obj/default/hello_world.o -lm -msys-lib=m
nios2-elf-insert windows.elf --thread_model hal --cpu_name cpu --qsys true --simulation_enabled false --id 0 --sidp 0x81208 --timestamp 1572383346 --stderr_dev jtag --stdin_dev jtag --stdout_dev jtag --sopc_system_name sopc4 --quartus_project_dir "C:/Users/se/Downloads/laboratorios-embebidos-master/Laboratorio6/Actividad4" --jdi C:/Users/se/Downloads/laboratorios-embebidos-master/Laboratorio6/Actividad4/software/windows_bsp/../../Actividad4.jdi --sopcinfo C:/Users/se/Downloads/laboratorios-embebidos-master/Laboratorio6/Actividad4/software/windows_bsp/../../sopc4.sopcinfo
Info: (windows.elf) 69 KBytes program size (code + initialized data).
Info:               123 KBytes free for stack + heap.
Info: Creating windows.objdump
nios2-elf-objdump --disassemble --syms --all-header --source windows.elf >windows.objdump
[windows build complete]
16:36:58 **** Incremental Build of configuration Nios II for project windows ****
make all 
Info: Building ../windows_bsp/
C:/Programs/altera_lite/16.0/nios2eds/bin/gnu/H-x86_64-mingw32/bin/make --no-print-directory -C ../windows_bsp/
[BSP build complete]
Info: Compiling hello_world.c to obj/default/hello_world.o
nios2-elf-gcc -xc -MP -MMD -c -I../windows_bsp//HAL/inc -I../windows_bsp/ -I../windows_bsp//drivers/inc  -pipe -D__hal__ -DALT_NO_INSTRUCTION_EMULATION -DALT_SINGLE_THREADED    -O0 -g -Wall   -mno-hw-div -mhw-mul -mno-hw-mulx  -o obj/default/hello_world.o hello_world.c
hello_world.c: In function 'write':
hello_world.c:29:49: error: macro "IOWR_ALTERA_AVALON_PIO_DATA" requires 2 arguments, but only 1 given
   IOWR_ALTERA_AVALON_PIO_DATA(PRIMERO_OUT+(16*i));
                                                 ^
hello_world.c:29:3: error: 'IOWR_ALTERA_AVALON_PIO_DATA' undeclared (first use in this function)
   IOWR_ALTERA_AVALON_PIO_DATA(PRIMERO_OUT+(16*i));
   ^
hello_world.c:29:3: note: each undeclared identifier is reported only once for each function it appears in
hello_world.c:32:9: warning: 'return' with a value, in function returning void
  return to_return;
         ^
make: *** [obj/default/hello_world.o] Error 1
16:37:00 **** Incremental Build of configuration Nios II for project windows_bsp ****
make all 
[BSP build complete]
16:37:16 **** Incremental Build of configuration Nios II for project windows ****
make all 
Info: Building ../windows_bsp/
C:/Programs/altera_lite/16.0/nios2eds/bin/gnu/H-x86_64-mingw32/bin/make --no-print-directory -C ../windows_bsp/
[BSP build complete]
Info: Compiling hello_world.c to obj/default/hello_world.o
nios2-elf-gcc -xc -MP -MMD -c -I../windows_bsp//HAL/inc -I../windows_bsp/ -I../windows_bsp//drivers/inc  -pipe -D__hal__ -DALT_NO_INSTRUCTION_EMULATION -DALT_SINGLE_THREADED    -O0 -g -Wall   -mno-hw-div -mhw-mul -mno-hw-mulx  -o obj/default/hello_world.o hello_world.c
hello_world.c: In function 'write':
hello_world.c:32:9: warning: 'return' with a value, in function returning void
  return to_return;
         ^
Info: Linking windows.elf
nios2-elf-g++  -T'../windows_bsp//linker.x' -msys-crt0='../windows_bsp//obj/HAL/src/crt0.o' -msys-lib=hal_bsp -L../windows_bsp/   -Wl,-Map=windows.map   -O0 -g -Wall   -mno-hw-div -mhw-mul -mno-hw-mulx  -o windows.elf obj/default/hello_world.o -lm -msys-lib=m
nios2-elf-insert windows.elf --thread_model hal --cpu_name cpu --qsys true --simulation_enabled false --id 0 --sidp 0x81208 --timestamp 1572383346 --stderr_dev jtag --stdin_dev jtag --stdout_dev jtag --sopc_system_name sopc4 --quartus_project_dir "C:/Users/se/Downloads/laboratorios-embebidos-master/Laboratorio6/Actividad4" --jdi C:/Users/se/Downloads/laboratorios-embebidos-master/Laboratorio6/Actividad4/software/windows_bsp/../../Actividad4.jdi --sopcinfo C:/Users/se/Downloads/laboratorios-embebidos-master/Laboratorio6/Actividad4/software/windows_bsp/../../sopc4.sopcinfo
Info: (windows.elf) 68 KBytes program size (code + initialized data).
Info:               124 KBytes free for stack + heap.
Info: Creating windows.objdump
nios2-elf-objdump --disassemble --syms --all-header --source windows.elf >windows.objdump
[windows build complete]
16:37:20 **** Incremental Build of configuration Nios II for project windows_bsp ****
make all 
[BSP build complete]
16:40:12 **** Incremental Build of configuration Nios II for project windows ****
make all 
Info: Building ../windows_bsp/
C:/Programs/altera_lite/16.0/nios2eds/bin/gnu/H-x86_64-mingw32/bin/make --no-print-directory -C ../windows_bsp/
[BSP build complete]
Info: Compiling hello_world.c to obj/default/hello_world.o
nios2-elf-gcc -xc -MP -MMD -c -I../windows_bsp//HAL/inc -I../windows_bsp/ -I../windows_bsp//drivers/inc  -pipe -D__hal__ -DALT_NO_INSTRUCTION_EMULATION -DALT_SINGLE_THREADED    -O0 -g -Wall   -mno-hw-div -mhw-mul -mno-hw-mulx  -o obj/default/hello_world.o hello_world.c
hello_world.c: In function 'write':
hello_world.c:32:9: warning: 'return' with a value, in function returning void
  return to_return;
         ^
Info: Linking windows.elf
nios2-elf-g++  -T'../windows_bsp//linker.x' -msys-crt0='../windows_bsp//obj/HAL/src/crt0.o' -msys-lib=hal_bsp -L../windows_bsp/   -Wl,-Map=windows.map   -O0 -g -Wall   -mno-hw-div -mhw-mul -mno-hw-mulx  -o windows.elf obj/default/hello_world.o -lm -msys-lib=m
nios2-elf-insert windows.elf --thread_model hal --cpu_name cpu --qsys true --simulation_enabled false --id 0 --sidp 0x81208 --timestamp 1572383346 --stderr_dev jtag --stdin_dev jtag --stdout_dev jtag --sopc_system_name sopc4 --quartus_project_dir "C:/Users/se/Downloads/laboratorios-embebidos-master/Laboratorio6/Actividad4" --jdi C:/Users/se/Downloads/laboratorios-embebidos-master/Laboratorio6/Actividad4/software/windows_bsp/../../Actividad4.jdi --sopcinfo C:/Users/se/Downloads/laboratorios-embebidos-master/Laboratorio6/Actividad4/software/windows_bsp/../../sopc4.sopcinfo
Info: (windows.elf) 68 KBytes program size (code + initialized data).
Info:               124 KBytes free for stack + heap.
Info: Creating windows.objdump
nios2-elf-objdump --disassemble --syms --all-header --source windows.elf >windows.objdump
[windows build complete]
16:40:17 **** Incremental Build of configuration Nios II for project windows_bsp ****
make all 
[BSP build complete]
16:40:33 **** Incremental Build of configuration Nios II for project windows ****
make all 
Info: Building ../windows_bsp/
C:/Programs/altera_lite/16.0/nios2eds/bin/gnu/H-x86_64-mingw32/bin/make --no-print-directory -C ../windows_bsp/
[BSP build complete]
[windows build complete]
16:43:43 **** Incremental Build of configuration Nios II for project windows ****
make all 
Info: Building ../windows_bsp/
C:/Programs/altera_lite/16.0/nios2eds/bin/gnu/H-x86_64-mingw32/bin/make --no-print-directory -C ../windows_bsp/
[BSP build complete]
Info: Compiling hello_world.c to obj/default/hello_world.o
nios2-elf-gcc -xc -MP -MMD -c -I../windows_bsp//HAL/inc -I../windows_bsp/ -I../windows_bsp//drivers/inc  -pipe -D__hal__ -DALT_NO_INSTRUCTION_EMULATION -DALT_SINGLE_THREADED    -O0 -g -Wall   -mno-hw-div -mhw-mul -mno-hw-mulx  -o obj/default/hello_world.o hello_world.c
hello_world.c: In function 'write':
hello_world.c:32:9: warning: 'return' with a value, in function returning void
  return to_return;
         ^
Info: Linking windows.elf
nios2-elf-g++  -T'../windows_bsp//linker.x' -msys-crt0='../windows_bsp//obj/HAL/src/crt0.o' -msys-lib=hal_bsp -L../windows_bsp/   -Wl,-Map=windows.map   -O0 -g -Wall   -mno-hw-div -mhw-mul -mno-hw-mulx  -o windows.elf obj/default/hello_world.o -lm -msys-lib=m
nios2-elf-insert windows.elf --thread_model hal --cpu_name cpu --qsys true --simulation_enabled false --id 0 --sidp 0x81208 --timestamp 1572383346 --stderr_dev jtag --stdin_dev jtag --stdout_dev jtag --sopc_system_name sopc4 --quartus_project_dir "C:/Users/se/Downloads/laboratorios-embebidos-master/Laboratorio6/Actividad4" --jdi C:/Users/se/Downloads/laboratorios-embebidos-master/Laboratorio6/Actividad4/software/windows_bsp/../../Actividad4.jdi --sopcinfo C:/Users/se/Downloads/laboratorios-embebidos-master/Laboratorio6/Actividad4/software/windows_bsp/../../sopc4.sopcinfo
Command canceled
16:43:48 **** Build of configuration Nios II for project windows ****
make all 
Info: Building ../windows_bsp/
C:/Programs/altera_lite/16.0/nios2eds/bin/gnu/H-x86_64-mingw32/bin/make --no-print-directory -C ../windows_bsp/
[BSP build complete]
Info: Creating windows.objdump
nios2-elf-objdump --disassemble --syms --all-header --source windows.elf >windows.objdump
[windows build complete]
16:45:20 **** Incremental Build of configuration Nios II for project windows ****
make all 
Info: Building ../windows_bsp/
C:/Programs/altera_lite/16.0/nios2eds/bin/gnu/H-x86_64-mingw32/bin/make --no-print-directory -C ../windows_bsp/
[BSP build complete]
Info: Compiling hello_world.c to obj/default/hello_world.o
nios2-elf-gcc -xc -MP -MMD -c -I../windows_bsp//HAL/inc -I../windows_bsp/ -I../windows_bsp//drivers/inc  -pipe -D__hal__ -DALT_NO_INSTRUCTION_EMULATION -DALT_SINGLE_THREADED    -O0 -g -Wall   -mno-hw-div -mhw-mul -mno-hw-mulx  -o obj/default/hello_world.o hello_world.c
hello_world.c: In function 'write':
hello_world.c:32:9: warning: 'return' with a value, in function returning void
  return to_return;
         ^
Info: Linking windows.elf
nios2-elf-g++  -T'../windows_bsp//linker.x' -msys-crt0='../windows_bsp//obj/HAL/src/crt0.o' -msys-lib=hal_bsp -L../windows_bsp/   -Wl,-Map=windows.map   -O0 -g -Wall   -mno-hw-div -mhw-mul -mno-hw-mulx  -o windows.elf obj/default/hello_world.o -lm -msys-lib=m
nios2-elf-insert windows.elf --thread_model hal --cpu_name cpu --qsys true --simulation_enabled false --id 0 --sidp 0x81208 --timestamp 1572383346 --stderr_dev jtag --stdin_dev jtag --stdout_dev jtag --sopc_system_name sopc4 --quartus_project_dir "C:/Users/se/Downloads/laboratorios-embebidos-master/Laboratorio6/Actividad4" --jdi C:/Users/se/Downloads/laboratorios-embebidos-master/Laboratorio6/Actividad4/software/windows_bsp/../../Actividad4.jdi --sopcinfo C:/Users/se/Downloads/laboratorios-embebidos-master/Laboratorio6/Actividad4/software/windows_bsp/../../sopc4.sopcinfo
Info: (windows.elf) 68 KBytes program size (code + initialized data).
Info:               124 KBytes free for stack + heap.
Info: Creating windows.objdump
nios2-elf-objdump --disassemble --syms --all-header --source windows.elf >windows.objdump
[windows build complete]
16:45:47 **** Incremental Build of configuration Nios II for project windows ****
make all 
Info: Building ../windows_bsp/
C:/Programs/altera_lite/16.0/nios2eds/bin/gnu/H-x86_64-mingw32/bin/make --no-print-directory -C ../windows_bsp/
[BSP build complete]
Info: Compiling hello_world.c to obj/default/hello_world.o
nios2-elf-gcc -xc -MP -MMD -c -I../windows_bsp//HAL/inc -I../windows_bsp/ -I../windows_bsp//drivers/inc  -pipe -D__hal__ -DALT_NO_INSTRUCTION_EMULATION -DALT_SINGLE_THREADED    -O0 -g -Wall   -mno-hw-div -mhw-mul -mno-hw-mulx  -o obj/default/hello_world.o hello_world.c
hello_world.c: In function 'write':
hello_world.c:32:9: warning: 'return' with a value, in function returning void
  return to_return;
         ^
Info: Linking windows.elf
nios2-elf-g++  -T'../windows_bsp//linker.x' -msys-crt0='../windows_bsp//obj/HAL/src/crt0.o' -msys-lib=hal_bsp -L../windows_bsp/   -Wl,-Map=windows.map   -O0 -g -Wall   -mno-hw-div -mhw-mul -mno-hw-mulx  -o windows.elf obj/default/hello_world.o -lm -msys-lib=m
nios2-elf-insert windows.elf --thread_model hal --cpu_name cpu --qsys true --simulation_enabled false --id 0 --sidp 0x81208 --timestamp 1572383346 --stderr_dev jtag --stdin_dev jtag --stdout_dev jtag --sopc_system_name sopc4 --quartus_project_dir "C:/Users/se/Downloads/laboratorios-embebidos-master/Laboratorio6/Actividad4" --jdi C:/Users/se/Downloads/laboratorios-embebidos-master/Laboratorio6/Actividad4/software/windows_bsp/../../Actividad4.jdi --sopcinfo C:/Users/se/Downloads/laboratorios-embebidos-master/Laboratorio6/Actividad4/software/windows_bsp/../../sopc4.sopcinfo
Info: (windows.elf) 68 KBytes program size (code + initialized data).
Info:               124 KBytes free for stack + heap.
Info: Creating windows.objdump
nios2-elf-objdump --disassemble --syms --all-header --source windows.elf >windows.objdump
[windows build complete]
16:47:11 **** Incremental Build of configuration Nios II for project windows ****
make all 
Info: Building ../windows_bsp/
C:/Programs/altera_lite/16.0/nios2eds/bin/gnu/H-x86_64-mingw32/bin/make --no-print-directory -C ../windows_bsp/
[BSP build complete]
Info: Compiling hello_world.c to obj/default/hello_world.o
nios2-elf-gcc -xc -MP -MMD -c -I../windows_bsp//HAL/inc -I../windows_bsp/ -I../windows_bsp//drivers/inc  -pipe -D__hal__ -DALT_NO_INSTRUCTION_EMULATION -DALT_SINGLE_THREADED    -O0 -g -Wall   -mno-hw-div -mhw-mul -mno-hw-mulx  -o obj/default/hello_world.o hello_world.c
hello_world.c: In function 'write':
hello_world.c:32:9: warning: 'return' with a value, in function returning void
  return to_return;
         ^
Info: Linking windows.elf
nios2-elf-g++  -T'../windows_bsp//linker.x' -msys-crt0='../windows_bsp//obj/HAL/src/crt0.o' -msys-lib=hal_bsp -L../windows_bsp/   -Wl,-Map=windows.map   -O0 -g -Wall   -mno-hw-div -mhw-mul -mno-hw-mulx  -o windows.elf obj/default/hello_world.o -lm -msys-lib=m
nios2-elf-insert windows.elf --thread_model hal --cpu_name cpu --qsys true --simulation_enabled false --id 0 --sidp 0x81208 --timestamp 1572383346 --stderr_dev jtag --stdin_dev jtag --stdout_dev jtag --sopc_system_name sopc4 --quartus_project_dir "C:/Users/se/Downloads/laboratorios-embebidos-master/Laboratorio6/Actividad4" --jdi C:/Users/se/Downloads/laboratorios-embebidos-master/Laboratorio6/Actividad4/software/windows_bsp/../../Actividad4.jdi --sopcinfo C:/Users/se/Downloads/laboratorios-embebidos-master/Laboratorio6/Actividad4/software/windows_bsp/../../sopc4.sopcinfo
Info: (windows.elf) 68 KBytes program size (code + initialized data).
Info:               124 KBytes free for stack + heap.
Info: Creating windows.objdump
nios2-elf-objdump --disassemble --syms --all-header --source windows.elf >windows.objdump
[windows build complete]
16:48:08 **** Incremental Build of configuration Nios II for project windows ****
make all 
Info: Building ../windows_bsp/
C:/Programs/altera_lite/16.0/nios2eds/bin/gnu/H-x86_64-mingw32/bin/make --no-print-directory -C ../windows_bsp/
[BSP build complete]
Info: Compiling hello_world.c to obj/default/hello_world.o
nios2-elf-gcc -xc -MP -MMD -c -I../windows_bsp//HAL/inc -I../windows_bsp/ -I../windows_bsp//drivers/inc  -pipe -D__hal__ -DALT_NO_INSTRUCTION_EMULATION -DALT_SINGLE_THREADED    -O0 -g -Wall   -mno-hw-div -mhw-mul -mno-hw-mulx  -o obj/default/hello_world.o hello_world.c
hello_world.c: In function 'write':
hello_world.c:32:9: warning: 'return' with a value, in function returning void
  return to_return;
         ^
Info: Linking windows.elf
nios2-elf-g++  -T'../windows_bsp//linker.x' -msys-crt0='../windows_bsp//obj/HAL/src/crt0.o' -msys-lib=hal_bsp -L../windows_bsp/   -Wl,-Map=windows.map   -O0 -g -Wall   -mno-hw-div -mhw-mul -mno-hw-mulx  -o windows.elf obj/default/hello_world.o -lm -msys-lib=m
nios2-elf-insert windows.elf --thread_model hal --cpu_name cpu --qsys true --simulation_enabled false --id 0 --sidp 0x81208 --timestamp 1572383346 --stderr_dev jtag --stdin_dev jtag --stdout_dev jtag --sopc_system_name sopc4 --quartus_project_dir "C:/Users/se/Downloads/laboratorios-embebidos-master/Laboratorio6/Actividad4" --jdi C:/Users/se/Downloads/laboratorios-embebidos-master/Laboratorio6/Actividad4/software/windows_bsp/../../Actividad4.jdi --sopcinfo C:/Users/se/Downloads/laboratorios-embebidos-master/Laboratorio6/Actividad4/software/windows_bsp/../../sopc4.sopcinfo
Info: (windows.elf) 68 KBytes program size (code + initialized data).
Info:               124 KBytes free for stack + heap.
Info: Creating windows.objdump
nios2-elf-objdump --disassemble --syms --all-header --source windows.elf >windows.objdump
[windows build complete]
16:48:50 **** Incremental Build of configuration Nios II for project windows ****
make all 
Info: Building ../windows_bsp/
C:/Programs/altera_lite/16.0/nios2eds/bin/gnu/H-x86_64-mingw32/bin/make --no-print-directory -C ../windows_bsp/
[BSP build complete]
Info: Compiling hello_world.c to obj/default/hello_world.o
nios2-elf-gcc -xc -MP -MMD -c -I../windows_bsp//HAL/inc -I../windows_bsp/ -I../windows_bsp//drivers/inc  -pipe -D__hal__ -DALT_NO_INSTRUCTION_EMULATION -DALT_SINGLE_THREADED    -O0 -g -Wall   -mno-hw-div -mhw-mul -mno-hw-mulx  -o obj/default/hello_world.o hello_world.c
Info: Linking windows.elf
nios2-elf-g++  -T'../windows_bsp//linker.x' -msys-crt0='../windows_bsp//obj/HAL/src/crt0.o' -msys-lib=hal_bsp -L../windows_bsp/   -Wl,-Map=windows.map   -O0 -g -Wall   -mno-hw-div -mhw-mul -mno-hw-mulx  -o windows.elf obj/default/hello_world.o -lm -msys-lib=m
nios2-elf-insert windows.elf --thread_model hal --cpu_name cpu --qsys true --simulation_enabled false --id 0 --sidp 0x81208 --timestamp 1572383346 --stderr_dev jtag --stdin_dev jtag --stdout_dev jtag --sopc_system_name sopc4 --quartus_project_dir "C:/Users/se/Downloads/laboratorios-embebidos-master/Laboratorio6/Actividad4" --jdi C:/Users/se/Downloads/laboratorios-embebidos-master/Laboratorio6/Actividad4/software/windows_bsp/../../Actividad4.jdi --sopcinfo C:/Users/se/Downloads/laboratorios-embebidos-master/Laboratorio6/Actividad4/software/windows_bsp/../../sopc4.sopcinfo
Info: (windows.elf) 69 KBytes program size (code + initialized data).
Info:               124 KBytes free for stack + heap.
Info: Creating windows.objdump
nios2-elf-objdump --disassemble --syms --all-header --source windows.elf >windows.objdump
[windows build complete]
16:48:54 **** Incremental Build of configuration Nios II for project windows_bsp ****
make all 
[BSP build complete]
16:48:57 **** Incremental Build of configuration Nios II for project windows ****
make all 
Info: Building ../windows_bsp/
C:/Programs/altera_lite/16.0/nios2eds/bin/gnu/H-x86_64-mingw32/bin/make --no-print-directory -C ../windows_bsp/
[BSP build complete]
[windows build complete]
16:51:15 **** Incremental Build of configuration Nios II for project windows ****
make all 
Info: Building ../windows_bsp/
C:/Programs/altera_lite/16.0/nios2eds/bin/gnu/H-x86_64-mingw32/bin/make --no-print-directory -C ../windows_bsp/
[BSP build complete]
Info: Compiling hello_world.c to obj/default/hello_world.o
nios2-elf-gcc -xc -MP -MMD -c -I../windows_bsp//HAL/inc -I../windows_bsp/ -I../windows_bsp//drivers/inc  -pipe -D__hal__ -DALT_NO_INSTRUCTION_EMULATION -DALT_SINGLE_THREADED    -O0 -g -Wall   -mno-hw-div -mhw-mul -mno-hw-mulx  -o obj/default/hello_world.o hello_world.c
hello_world.c: In function 'main':
hello_world.c:71:71: error: expected ')' before ';' token
    printf("%i\n",IORD_ALTERA_AVALON_PIO_DATA(PRIMERO_OUT+16*pos_menor);
                                                                       ^
hello_world.c:72:3: error: expected ';' before '}' token
   }
   ^
make: *** [obj/default/hello_world.o] Error 1
16:51:26 **** Incremental Build of configuration Nios II for project windows ****
make all 
Info: Building ../windows_bsp/
C:/Programs/altera_lite/16.0/nios2eds/bin/gnu/H-x86_64-mingw32/bin/make --no-print-directory -C ../windows_bsp/
[BSP build complete]
Info: Compiling hello_world.c to obj/default/hello_world.o
nios2-elf-gcc -xc -MP -MMD -c -I../windows_bsp//HAL/inc -I../windows_bsp/ -I../windows_bsp//drivers/inc  -pipe -D__hal__ -DALT_NO_INSTRUCTION_EMULATION -DALT_SINGLE_THREADED    -O0 -g -Wall   -mno-hw-div -mhw-mul -mno-hw-mulx  -o obj/default/hello_world.o hello_world.c
Info: Linking windows.elf
nios2-elf-g++  -T'../windows_bsp//linker.x' -msys-crt0='../windows_bsp//obj/HAL/src/crt0.o' -msys-lib=hal_bsp -L../windows_bsp/   -Wl,-Map=windows.map   -O0 -g -Wall   -mno-hw-div -mhw-mul -mno-hw-mulx  -o windows.elf obj/default/hello_world.o -lm -msys-lib=m
nios2-elf-insert windows.elf --thread_model hal --cpu_name cpu --qsys true --simulation_enabled false --id 0 --sidp 0x81208 --timestamp 1572383346 --stderr_dev jtag --stdin_dev jtag --stdout_dev jtag --sopc_system_name sopc4 --quartus_project_dir "C:/Users/se/Downloads/laboratorios-embebidos-master/Laboratorio6/Actividad4" --jdi C:/Users/se/Downloads/laboratorios-embebidos-master/Laboratorio6/Actividad4/software/windows_bsp/../../Actividad4.jdi --sopcinfo C:/Users/se/Downloads/laboratorios-embebidos-master/Laboratorio6/Actividad4/software/windows_bsp/../../sopc4.sopcinfo
Info: (windows.elf) 69 KBytes program size (code + initialized data).
Info:               124 KBytes free for stack + heap.
Info: Creating windows.objdump
nios2-elf-objdump --disassemble --syms --all-header --source windows.elf >windows.objdump
[windows build complete]
16:52:02 **** Incremental Build of configuration Nios II for project windows ****
make all 
Info: Building ../windows_bsp/
C:/Programs/altera_lite/16.0/nios2eds/bin/gnu/H-x86_64-mingw32/bin/make --no-print-directory -C ../windows_bsp/
[BSP build complete]
[windows build complete]
16:52:04 **** Incremental Build of configuration Nios II for project windows_bsp ****
make all 
[BSP build complete]
16:52:10 **** Incremental Build of configuration Nios II for project windows ****
make all 
Info: Building ../windows_bsp/
C:/Programs/altera_lite/16.0/nios2eds/bin/gnu/H-x86_64-mingw32/bin/make --no-print-directory -C ../windows_bsp/
[BSP build complete]
[windows build complete]
16:52:49 **** Incremental Build of configuration Nios II for project windows ****
make all 
Info: Building ../windows_bsp/
C:/Programs/altera_lite/16.0/nios2eds/bin/gnu/H-x86_64-mingw32/bin/make --no-print-directory -C ../windows_bsp/
[BSP build complete]
[windows build complete]
16:53:21 **** Build of configuration Nios II for project windows ****
make all 
Info: Building ../windows_bsp/
C:/Programs/altera_lite/16.0/nios2eds/bin/gnu/H-x86_64-mingw32/bin/make --no-print-directory -C ../windows_bsp/
[BSP build complete]
[windows build complete]
16:53:44 **** Build of configuration Nios II for project windows ****
make all 
Info: Building ../windows_bsp/
C:/Programs/altera_lite/16.0/nios2eds/bin/gnu/H-x86_64-mingw32/bin/make --no-print-directory -C ../windows_bsp/
[BSP build complete]
[windows build complete]
16:53:46 **** Incremental Build of configuration Nios II for project windows ****
make all 
Info: Building ../windows_bsp/
C:/Programs/altera_lite/16.0/nios2eds/bin/gnu/H-x86_64-mingw32/bin/make --no-print-directory -C ../windows_bsp/
[BSP build complete]
[windows build complete]
16:56:16 **** Incremental Build of configuration Nios II for project windows ****
make all 
Info: Building ../windows_bsp/
C:/Programs/altera_lite/16.0/nios2eds/bin/gnu/H-x86_64-mingw32/bin/make --no-print-directory -C ../windows_bsp/
[BSP build complete]
Info: Compiling hello_world.c to obj/default/hello_world.o
nios2-elf-gcc -xc -MP -MMD -c -I../windows_bsp//HAL/inc -I../windows_bsp/ -I../windows_bsp//drivers/inc  -pipe -D__hal__ -DALT_NO_INSTRUCTION_EMULATION -DALT_SINGLE_THREADED    -O0 -g -Wall   -mno-hw-div -mhw-mul -mno-hw-mulx  -o obj/default/hello_world.o hello_world.c
Info: Linking windows.elf
nios2-elf-g++  -T'../windows_bsp//linker.x' -msys-crt0='../windows_bsp//obj/HAL/src/crt0.o' -msys-lib=hal_bsp -L../windows_bsp/   -Wl,-Map=windows.map   -O0 -g -Wall   -mno-hw-div -mhw-mul -mno-hw-mulx  -o windows.elf obj/default/hello_world.o -lm -msys-lib=m
nios2-elf-insert windows.elf --thread_model hal --cpu_name cpu --qsys true --simulation_enabled false --id 0 --sidp 0x81208 --timestamp 1572383346 --stderr_dev jtag --stdin_dev jtag --stdout_dev jtag --sopc_system_name sopc4 --quartus_project_dir "C:/Users/se/Downloads/laboratorios-embebidos-master/Laboratorio6/Actividad4" --jdi C:/Users/se/Downloads/laboratorios-embebidos-master/Laboratorio6/Actividad4/software/windows_bsp/../../Actividad4.jdi --sopcinfo C:/Users/se/Downloads/laboratorios-embebidos-master/Laboratorio6/Actividad4/software/windows_bsp/../../sopc4.sopcinfo
Info: (windows.elf) 69 KBytes program size (code + initialized data).
Info:               123 KBytes free for stack + heap.
Info: Creating windows.objdump
nios2-elf-objdump --disassemble --syms --all-header --source windows.elf >windows.objdump
[windows build complete]
16:56:20 **** Incremental Build of configuration Nios II for project windows_bsp ****
make all 
[BSP build complete]
16:56:45 **** Incremental Build of configuration Nios II for project windows ****
make all 
Info: Building ../windows_bsp/
C:/Programs/altera_lite/16.0/nios2eds/bin/gnu/H-x86_64-mingw32/bin/make --no-print-directory -C ../windows_bsp/
[BSP build complete]
Info: Compiling hello_world.c to obj/default/hello_world.o
nios2-elf-gcc -xc -MP -MMD -c -I../windows_bsp//HAL/inc -I../windows_bsp/ -I../windows_bsp//drivers/inc  -pipe -D__hal__ -DALT_NO_INSTRUCTION_EMULATION -DALT_SINGLE_THREADED    -O0 -g -Wall   -mno-hw-div -mhw-mul -mno-hw-mulx  -o obj/default/hello_world.o hello_world.c
Info: Linking windows.elf
nios2-elf-g++  -T'../windows_bsp//linker.x' -msys-crt0='../windows_bsp//obj/HAL/src/crt0.o' -msys-lib=hal_bsp -L../windows_bsp/   -Wl,-Map=windows.map   -O0 -g -Wall   -mno-hw-div -mhw-mul -mno-hw-mulx  -o windows.elf obj/default/hello_world.o -lm -msys-lib=m
nios2-elf-insert windows.elf --thread_model hal --cpu_name cpu --qsys true --simulation_enabled false --id 0 --sidp 0x81208 --timestamp 1572383346 --stderr_dev jtag --stdin_dev jtag --stdout_dev jtag --sopc_system_name sopc4 --quartus_project_dir "C:/Users/se/Downloads/laboratorios-embebidos-master/Laboratorio6/Actividad4" --jdi C:/Users/se/Downloads/laboratorios-embebidos-master/Laboratorio6/Actividad4/software/windows_bsp/../../Actividad4.jdi --sopcinfo C:/Users/se/Downloads/laboratorios-embebidos-master/Laboratorio6/Actividad4/software/windows_bsp/../../sopc4.sopcinfo
Info: (windows.elf) 69 KBytes program size (code + initialized data).
Info:               123 KBytes free for stack + heap.
Info: Creating windows.objdump
nios2-elf-objdump --disassemble --syms --all-header --source windows.elf >windows.objdump
[windows build complete]
16:56:49 **** Incremental Build of configuration Nios II for project windows_bsp ****
make all 
[BSP build complete]
16:56:59 **** Incremental Build of configuration Nios II for project windows ****
make all 
Info: Building ../windows_bsp/
C:/Programs/altera_lite/16.0/nios2eds/bin/gnu/H-x86_64-mingw32/bin/make --no-print-directory -C ../windows_bsp/
[BSP build complete]
[windows build complete]
16:57:50 **** Incremental Build of configuration Nios II for project windows ****
make all 
Info: Building ../windows_bsp/
C:/Programs/altera_lite/16.0/nios2eds/bin/gnu/H-x86_64-mingw32/bin/make --no-print-directory -C ../windows_bsp/
[BSP build complete]
Info: Compiling hello_world.c to obj/default/hello_world.o
nios2-elf-gcc -xc -MP -MMD -c -I../windows_bsp//HAL/inc -I../windows_bsp/ -I../windows_bsp//drivers/inc  -pipe -D__hal__ -DALT_NO_INSTRUCTION_EMULATION -DALT_SINGLE_THREADED    -O0 -g -Wall   -mno-hw-div -mhw-mul -mno-hw-mulx  -o obj/default/hello_world.o hello_world.c
hello_world.c: In function 'mostrar_entrada':
hello_world.c:49:2: error: expected ';' before 'for'
  for ( int i = 0; i < BITS; i++)
  ^
hello_world.c: In function 'mostrar_salida':
hello_world.c:57:2: error: expected ';' before 'for'
  for ( int i = 0; i < BITS; i++)
  ^
make: *** [obj/default/hello_world.o] Error 1
16:57:52 **** Incremental Build of configuration Nios II for project windows_bsp ****
make all 
[BSP build complete]
16:57:58 **** Incremental Build of configuration Nios II for project windows ****
make all 
Info: Building ../windows_bsp/
C:/Programs/altera_lite/16.0/nios2eds/bin/gnu/H-x86_64-mingw32/bin/make --no-print-directory -C ../windows_bsp/
[BSP build complete]
Info: Compiling hello_world.c to obj/default/hello_world.o
nios2-elf-gcc -xc -MP -MMD -c -I../windows_bsp//HAL/inc -I../windows_bsp/ -I../windows_bsp//drivers/inc  -pipe -D__hal__ -DALT_NO_INSTRUCTION_EMULATION -DALT_SINGLE_THREADED    -O0 -g -Wall   -mno-hw-div -mhw-mul -mno-hw-mulx  -o obj/default/hello_world.o hello_world.c
Info: Linking windows.elf
nios2-elf-g++  -T'../windows_bsp//linker.x' -msys-crt0='../windows_bsp//obj/HAL/src/crt0.o' -msys-lib=hal_bsp -L../windows_bsp/   -Wl,-Map=windows.map   -O0 -g -Wall   -mno-hw-div -mhw-mul -mno-hw-mulx  -o windows.elf obj/default/hello_world.o -lm -msys-lib=m
nios2-elf-insert windows.elf --thread_model hal --cpu_name cpu --qsys true --simulation_enabled false --id 0 --sidp 0x81208 --timestamp 1572383346 --stderr_dev jtag --stdin_dev jtag --stdout_dev jtag --sopc_system_name sopc4 --quartus_project_dir "C:/Users/se/Downloads/laboratorios-embebidos-master/Laboratorio6/Actividad4" --jdi C:/Users/se/Downloads/laboratorios-embebidos-master/Laboratorio6/Actividad4/software/windows_bsp/../../Actividad4.jdi --sopcinfo C:/Users/se/Downloads/laboratorios-embebidos-master/Laboratorio6/Actividad4/software/windows_bsp/../../sopc4.sopcinfo
Info: (windows.elf) 69 KBytes program size (code + initialized data).
Info:               123 KBytes free for stack + heap.
Info: Creating windows.objdump
nios2-elf-objdump --disassemble --syms --all-header --source windows.elf >windows.objdump
[windows build complete]
16:58:43 **** Incremental Build of configuration Nios II for project windows ****
make all 
Info: Building ../windows_bsp/
C:/Programs/altera_lite/16.0/nios2eds/bin/gnu/H-x86_64-mingw32/bin/make --no-print-directory -C ../windows_bsp/
[BSP build complete]
Info: Compiling hello_world.c to obj/default/hello_world.o
nios2-elf-gcc -xc -MP -MMD -c -I../windows_bsp//HAL/inc -I../windows_bsp/ -I../windows_bsp//drivers/inc  -pipe -D__hal__ -DALT_NO_INSTRUCTION_EMULATION -DALT_SINGLE_THREADED    -O0 -g -Wall   -mno-hw-div -mhw-mul -mno-hw-mulx  -o obj/default/hello_world.o hello_world.c
Info: Linking windows.elf
nios2-elf-g++  -T'../windows_bsp//linker.x' -msys-crt0='../windows_bsp//obj/HAL/src/crt0.o' -msys-lib=hal_bsp -L../windows_bsp/   -Wl,-Map=windows.map   -O0 -g -Wall   -mno-hw-div -mhw-mul -mno-hw-mulx  -o windows.elf obj/default/hello_world.o -lm -msys-lib=m
nios2-elf-insert windows.elf --thread_model hal --cpu_name cpu --qsys true --simulation_enabled false --id 0 --sidp 0x81208 --timestamp 1572383346 --stderr_dev jtag --stdin_dev jtag --stdout_dev jtag --sopc_system_name sopc4 --quartus_project_dir "C:/Users/se/Downloads/laboratorios-embebidos-master/Laboratorio6/Actividad4" --jdi C:/Users/se/Downloads/laboratorios-embebidos-master/Laboratorio6/Actividad4/software/windows_bsp/../../Actividad4.jdi --sopcinfo C:/Users/se/Downloads/laboratorios-embebidos-master/Laboratorio6/Actividad4/software/windows_bsp/../../sopc4.sopcinfo
Info: (windows.elf) 69 KBytes program size (code + initialized data).
Info:               123 KBytes free for stack + heap.
Info: Creating windows.objdump
nios2-elf-objdump --disassemble --syms --all-header --source windows.elf >windows.objdump
[windows build complete]
16:58:47 **** Incremental Build of configuration Nios II for project windows_bsp ****
make all 
[BSP build complete]
16:58:50 **** Incremental Build of configuration Nios II for project windows ****
make all 
Info: Building ../windows_bsp/
C:/Programs/altera_lite/16.0/nios2eds/bin/gnu/H-x86_64-mingw32/bin/make --no-print-directory -C ../windows_bsp/
[BSP build complete]
[windows build complete]
17:19:28 **** Incremental Build of configuration Nios II for project windows ****
make all 
Info: Building ../windows_bsp/
C:/Programs/altera_lite/16.0/nios2eds/bin/gnu/H-x86_64-mingw32/bin/make --no-print-directory -C ../windows_bsp/
[BSP build complete]
[windows build complete]
17:20:12 **** Incremental Build of configuration Nios II for project windows ****
make all 
Info: Building ../windows_bsp/
C:/Programs/altera_lite/16.0/nios2eds/bin/gnu/H-x86_64-mingw32/bin/make --no-print-directory -C ../windows_bsp/
[BSP build complete]
Info: Compiling hello_world.c to obj/default/hello_world.o
nios2-elf-gcc -xc -MP -MMD -c -I../windows_bsp//HAL/inc -I../windows_bsp/ -I../windows_bsp//drivers/inc  -pipe -D__hal__ -DALT_NO_INSTRUCTION_EMULATION -DALT_SINGLE_THREADED    -O0 -g -Wall   -mno-hw-div -mhw-mul -mno-hw-mulx  -o obj/default/hello_world.o hello_world.c
Info: Linking windows.elf
nios2-elf-g++  -T'../windows_bsp//linker.x' -msys-crt0='../windows_bsp//obj/HAL/src/crt0.o' -msys-lib=hal_bsp -L../windows_bsp/   -Wl,-Map=windows.map   -O0 -g -Wall   -mno-hw-div -mhw-mul -mno-hw-mulx  -o windows.elf obj/default/hello_world.o -lm -msys-lib=m
nios2-elf-insert windows.elf --thread_model hal --cpu_name cpu --qsys true --simulation_enabled false --id 0 --sidp 0x81208 --timestamp 1572383346 --stderr_dev jtag --stdin_dev jtag --stdout_dev jtag --sopc_system_name sopc4 --quartus_project_dir "C:/Users/se/Downloads/laboratorios-embebidos-master/Laboratorio6/Actividad4" --jdi C:/Users/se/Downloads/laboratorios-embebidos-master/Laboratorio6/Actividad4/software/windows_bsp/../../Actividad4.jdi --sopcinfo C:/Users/se/Downloads/laboratorios-embebidos-master/Laboratorio6/Actividad4/software/windows_bsp/../../sopc4.sopcinfo
Info: (windows.elf) 69 KBytes program size (code + initialized data).
Info:               123 KBytes free for stack + heap.
Info: Creating windows.objdump
nios2-elf-objdump --disassemble --syms --all-header --source windows.elf >windows.objdump
[windows build complete]
17:20:17 **** Incremental Build of configuration Nios II for project windows_bsp ****
make all 
[BSP build complete]
17:20:27 **** Incremental Build of configuration Nios II for project windows ****
make all 
Info: Building ../windows_bsp/
C:/Programs/altera_lite/16.0/nios2eds/bin/gnu/H-x86_64-mingw32/bin/make --no-print-directory -C ../windows_bsp/
[BSP build complete]
[windows build complete]
17:23:24 **** Incremental Build of configuration Nios II for project windows ****
make all 
Info: Building ../windows_bsp/
C:/Programs/altera_lite/16.0/nios2eds/bin/gnu/H-x86_64-mingw32/bin/make --no-print-directory -C ../windows_bsp/
[BSP build complete]
[windows build complete]
17:23:38 **** Build of configuration Nios II for project windows ****
make all 
Info: Building ../windows_bsp/
C:/Programs/altera_lite/16.0/nios2eds/bin/gnu/H-x86_64-mingw32/bin/make --no-print-directory -C ../windows_bsp/
[BSP build complete]
[windows build complete]
17:24:41 **** Incremental Build of configuration Nios II for project windows ****
make all 
Info: Building ../windows_bsp/
C:/Programs/altera_lite/16.0/nios2eds/bin/gnu/H-x86_64-mingw32/bin/make --no-print-directory -C ../windows_bsp/
[BSP build complete]
[windows build complete]
17:24:56 **** Incremental Build of configuration Nios II for project windows ****
make all 
Info: Building ../windows_bsp/
C:/Programs/altera_lite/16.0/nios2eds/bin/gnu/H-x86_64-mingw32/bin/make --no-print-directory -C ../windows_bsp/
[BSP build complete]
[windows build complete]
17:25:20 **** Build of configuration Nios II for project windows ****
make all 
Info: Building ../windows_bsp/
C:/Programs/altera_lite/16.0/nios2eds/bin/gnu/H-x86_64-mingw32/bin/make --no-print-directory -C ../windows_bsp/
[BSP build complete]
[windows build complete]
17:29:25 **** Build of configuration Nios II for project windows ****
make all 
Info: Building ../windows_bsp/
C:/Programs/altera_lite/16.0/nios2eds/bin/gnu/H-x86_64-mingw32/bin/make --no-print-directory -C ../windows_bsp/
[BSP build complete]
[windows build complete]
17:29:28 **** Build of configuration Nios II for project windows_bsp ****
make all 
[BSP build complete]
17:29:32 **** Build of configuration Nios II for project windows ****
make all 
Info: Building ../windows_bsp/
C:/Programs/altera_lite/16.0/nios2eds/bin/gnu/H-x86_64-mingw32/bin/make --no-print-directory -C ../windows_bsp/
[BSP build complete]
[windows build complete]
17:29:36 **** Incremental Build of configuration Nios II for project windows ****
make all 
Info: Building ../windows_bsp/
C:/Programs/altera_lite/16.0/nios2eds/bin/gnu/H-x86_64-mingw32/bin/make --no-print-directory -C ../windows_bsp/
[BSP build complete]
[windows build complete]
17:45:50 **** Incremental Build of configuration Nios II for project windows ****
make all 
Info: Building ../windows_bsp/
C:/Programs/altera_lite/16.0/nios2eds/bin/gnu/H-x86_64-mingw32/bin/make --no-print-directory -C ../windows_bsp/
[BSP build complete]
[windows build complete]
17:45:52 **** Incremental Build of configuration Nios II for project windows_bsp ****
make all 
[BSP build complete]
17:45:55 **** Incremental Build of configuration Nios II for project windows ****
make all 
Info: Building ../windows_bsp/
C:/Programs/altera_lite/16.0/nios2eds/bin/gnu/H-x86_64-mingw32/bin/make --no-print-directory -C ../windows_bsp/
[BSP build complete]
[windows build complete]
