16:24:48 **** Incremental Build of configuration Nios II for project Actividad3 ****
make all 
Info: Building ../Actividad3_bsp/
C:/intelFPGA_lite/18.0/nios2eds/bin/gnu/H-x86_64-mingw32/bin/make --no-print-directory -C ../Actividad3_bsp/
[BSP build complete]
Info: Compiling hello_world.c to obj/default/hello_world.o
nios2-elf-gcc -xc -MP -MMD -c -I../Actividad3_bsp//HAL/inc -I../Actividad3_bsp/ -I../Actividad3_bsp//drivers/inc  -pipe -D__hal__ -DALT_NO_INSTRUCTION_EMULATION -DALT_SINGLE_THREADED    -O0 -g -Wall   -mno-hw-div -mhw-mul -mno-hw-mulx -mgpopt=global  -o obj/default/hello_world.o hello_world.c
Info: Linking Actividad3.elf
nios2-elf-g++  -T'../Actividad3_bsp//linker.x' -msys-crt0='../Actividad3_bsp//obj/HAL/src/crt0.o' -msys-lib=hal_bsp -L../Actividad3_bsp/   -Wl,-Map=Actividad3.map   -O0 -g -Wall   -mno-hw-div -mhw-mul -mno-hw-mulx -mgpopt=global  -o Actividad3.elf obj/default/hello_world.o -lm -msys-lib=m
nios2-elf-insert Actividad3.elf --thread_model hal --cpu_name cpu --qsys true --simulation_enabled false --id 0 --sidp 0x81020 --timestamp 1572375663 --stderr_dev jtag --stdin_dev jtag --stdout_dev jtag --sopc_system_name sopc --quartus_project_dir "C:/Users/manuel/laboratorios-embebidos/Laboratorio6/Actividad3" --jdi C:/Users/manuel/laboratorios-embebidos/Laboratorio6/Actividad3/software/Actividad3_bsp/../../Actividad3.jdi --sopcinfo C:/Users/manuel/laboratorios-embebidos/Laboratorio6/Actividad3/software/Actividad3_bsp/../../sopc.sopcinfo
Info: (Actividad3.elf) 15 KBytes program size (code + initialized data).
Info:                  179 KBytes free for stack + heap.
Info: Creating Actividad3.objdump
nios2-elf-objdump --disassemble --syms --all-header --source Actividad3.elf >Actividad3.objdump
[Actividad3 build complete]
16:25:02 **** Incremental Build of configuration Nios II for project Actividad3 ****
make all 
Info: Building ../Actividad3_bsp/
C:/intelFPGA_lite/18.0/nios2eds/bin/gnu/H-x86_64-mingw32/bin/make --no-print-directory -C ../Actividad3_bsp/
[BSP build complete]
[Actividad3 build complete]
16:25:04 **** Build of configuration Nios II for project Actividad3_bsp ****
make all 
[BSP build complete]
16:25:10 **** Build of configuration Nios II for project Actividad3 ****
make all 
Info: Building ../Actividad3_bsp/
C:/intelFPGA_lite/18.0/nios2eds/bin/gnu/H-x86_64-mingw32/bin/make --no-print-directory -C ../Actividad3_bsp/
[BSP build complete]
[Actividad3 build complete]
16:25:12 **** Incremental Build of configuration Nios II for project Actividad3 ****
make all 
Info: Building ../Actividad3_bsp/
C:/intelFPGA_lite/18.0/nios2eds/bin/gnu/H-x86_64-mingw32/bin/make --no-print-directory -C ../Actividad3_bsp/
[BSP build complete]
[Actividad3 build complete]
